#
# There is insufficient memory for the Java Runtime Environment to continue.
# Native memory allocation (mmap) failed to map 266338304 bytes for Failed to commit area from 0x0000000702600000 to 0x0000000712400000 of length 266338304.
# Possible reasons:
#   The system is out of physical RAM or swap space
#   The process is running with CompressedOops enabled, and the Java Heap may be blocking the growth of the native heap
# Possible solutions:
#   Reduce memory load on the system
#   Increase physical memory or swap space
#   Check if swap backing store is full
#   Decrease Java heap size (-Xmx/-Xms)
#   Decrease number of Java threads
#   Decrease Java thread stack sizes (-Xss)
#   Set larger code cache with -XX:ReservedCodeCacheSize=
# This output file may be truncated or incomplete.
#
#  Out of Memory Error (t:/workspace/open/src/hotspot/os/windows/os_windows.cpp:3301), pid=16156, tid=8060
#
# JRE version:  (13.0.2+8) (build )
# Java VM: Java HotSpot(TM) 64-Bit Server VM (13.0.2+8, mixed mode, aot, sharing, tiered, compressed oops, g1 gc, windows-amd64)
# No core dump will be written. Minidumps are not enabled by default on client versions of Windows
#

---------------  S U M M A R Y ------------

Command Line: -Dfile.encoding=UTF-8 Main

Host: Intel(R) Core(TM) i7-8750H CPU @ 2.20GHz, 12 cores, 15G,  Windows 10 , 64 bit Build 18362 (10.0.18362.778)
Time: Thu Apr 16 01:09:37 2020 Eastern Daylight Time elapsed time: 0 seconds (0d 0h 0m 0s)

---------------  T H R E A D  ---------------

Current thread (0x000001e06bc7d800):  JavaThread "Unknown thread" [_thread_in_vm, id=8060, stack(0x000000aeca100000,0x000000aeca200000)]

Stack: [0x000000aeca100000,0x000000aeca200000]
Native frames: (J=compiled Java code, j=interpreted, Vv=VM code, C=native code)
V  [jvm.dll+0x624f9a]
V  [jvm.dll+0x770cfa]
V  [jvm.dll+0x7724af]
V  [jvm.dll+0x772ab3]
V  [jvm.dll+0x24bf08]
V  [jvm.dll+0x6222aa]
V  [jvm.dll+0x6170b5]
V  [jvm.dll+0x30a88c]
V  [jvm.dll+0x30a6c2]
V  [jvm.dll+0x30fe36]
V  [jvm.dll+0x353f46]
V  [jvm.dll+0x353720]
V  [jvm.dll+0x2e550a]
V  [jvm.dll+0x2e67a2]
V  [jvm.dll+0x74dd78]
V  [jvm.dll+0x361989]
V  [jvm.dll+0x730e65]
V  [jvm.dll+0x3cc53f]
V  [jvm.dll+0x3ce861]
C  [jli.dll+0x51ff]
C  [ucrtbase.dll+0x20e72]
C  [KERNEL32.DLL+0x17bd4]
C  [ntdll.dll+0x6ce51]


---------------  P R O C E S S  ---------------

Threads class SMR info:
_java_thread_list=0x00007ffa5e29ccb8, length=0, elements={
}

Java Threads: ( => current thread )

Other Threads:
  0x000001e06bce7800 GCTaskThread "GC Thread#0" [stack: 0x000000aeca200000,0x000000aeca300000] [id=17096]
  0x000001e06bd0a000 ConcurrentGCThread "G1 Main Marker" [stack: 0x000000aeca300000,0x000000aeca400000] [id=16052]
  0x000001e06bd0d000 ConcurrentGCThread "G1 Conc#0" [stack: 0x000000aeca400000,0x000000aeca500000] [id=4916]

[error occurred during error reporting (printing all threads), id 0xc0000005, EXCEPTION_ACCESS_VIOLATION (0xc0000005) at pc=0x00007ffa5dad51d7]

VM state:not at safepoint (not fully initialized)

VM Mutex/Monitor currently owned by a thread:  ([mutex/lock_event])
[0x000001e06bc79690] Heap_lock - owner thread: 0x000001e06bc7d800

Heap address: 0x0000000702600000, size: 4058 MB, Compressed Oops mode: Non-zero based: 0x0000000702600000
Narrow klass base: 0x0000000000000000, Narrow klass shift: 0

GC Heap History (0 events):
No events

Deoptimization events (0 events):
No events

Classes unloaded (0 events):
No events

Classes redefined (0 events):
No events

Internal exceptions (0 events):
No events

Events (8 events):
Event: 0.008 Loaded shared library C:\Program Files\Java\jdk-13.0.2\bin\zip.dll
Event: 0.008 Loaded shared library C:\Program Files\Java\jdk-13.0.2\bin\jimage.dll
Event: 0.009 Loading shared library C:\Program Files\Java\jdk-13.0.2\lib\libjava.base-coop.dll failed, error code 126
Event: 0.009 Loading shared library C:\Program Files\Java\jdk-13.0.2\lib\libjava.logging-coop.dll failed, error code 126
Event: 0.009 Loading shared library C:\Program Files\Java\jdk-13.0.2\lib\libjdk.compiler-coop.dll failed, error code 126
Event: 0.009 Loading shared library C:\Program Files\Java\jdk-13.0.2\lib\libjdk.scripting.nashorn-coop.dll failed, error code 126
Event: 0.009 Loading shared library C:\Program Files\Java\jdk-13.0.2\lib\libjdk.internal.vm.ci-coop.dll failed, error code 126
Event: 0.009 Loading shared library C:\Program Files\Java\jdk-13.0.2\lib\libjdk.internal.vm.compiler-coop.dll failed, error code 126


Dynamic libraries:
0x00007ff62e7e0000 - 0x00007ff62e7ef000 	C:\Program Files\Java\jdk-13.0.2\bin\java.exe
0x00007ffab2d80000 - 0x00007ffab2f70000 	C:\WINDOWS\SYSTEM32\ntdll.dll
0x00007ffab2140000 - 0x00007ffab21f2000 	C:\WINDOWS\System32\KERNEL32.DLL
0x00007ffaaffd0000 - 0x00007ffab0273000 	C:\WINDOWS\System32\KERNELBASE.dll
0x00007ffaafed0000 - 0x00007ffaaffca000 	C:\WINDOWS\System32\ucrtbase.dll
0x00007ffaa9890000 - 0x00007ffaa98a8000 	C:\Program Files\Java\jdk-13.0.2\bin\jli.dll
0x00007ffaabf50000 - 0x00007ffaabf65000 	C:\Program Files\Java\jdk-13.0.2\bin\VCRUNTIME140.dll
0x00007ffab2450000 - 0x00007ffab24f3000 	C:\WINDOWS\System32\ADVAPI32.dll
0x00007ffab2760000 - 0x00007ffab27fe000 	C:\WINDOWS\System32\msvcrt.dll
0x00007ffab25d0000 - 0x00007ffab2667000 	C:\WINDOWS\System32\sechost.dll
0x00007ffab1de0000 - 0x00007ffab1f00000 	C:\WINDOWS\System32\RPCRT4.dll
0x00007ffaa0a50000 - 0x00007ffaa0cd5000 	C:\WINDOWS\WinSxS\amd64_microsoft.windows.common-controls_6595b64144ccf1df_6.0.18362.778_none_e6c6b761130d4fb8\COMCTL32.dll
0x00007ffab1ae0000 - 0x00007ffab1c74000 	C:\WINDOWS\System32\USER32.dll
0x00007ffab1690000 - 0x00007ffab19c6000 	C:\WINDOWS\System32\combase.dll
0x00007ffab0aa0000 - 0x00007ffab0ac1000 	C:\WINDOWS\System32\win32u.dll
0x00007ffaafdf0000 - 0x00007ffaafe70000 	C:\WINDOWS\System32\bcryptPrimitives.dll
0x00007ffab2420000 - 0x00007ffab2446000 	C:\WINDOWS\System32\GDI32.dll
0x00007ffab0c90000 - 0x00007ffab0e24000 	C:\WINDOWS\System32\gdi32full.dll
0x00007ffab0280000 - 0x00007ffab031e000 	C:\WINDOWS\System32\msvcp_win.dll
0x00007ffaa9470000 - 0x00007ffaa947a000 	C:\WINDOWS\SYSTEM32\VERSION.dll
0x00007ffab1660000 - 0x00007ffab168e000 	C:\WINDOWS\System32\IMM32.DLL
0x00007ffa95c10000 - 0x00007ffa95cab000 	C:\Program Files\Java\jdk-13.0.2\bin\msvcp140.dll
0x00007ffa5d7e0000 - 0x00007ffa5e33d000 	C:\Program Files\Java\jdk-13.0.2\bin\server\jvm.dll
0x00007ffab1f00000 - 0x00007ffab1f08000 	C:\WINDOWS\System32\PSAPI.DLL
0x00007ffaa2360000 - 0x00007ffaa2384000 	C:\WINDOWS\SYSTEM32\WINMM.dll
0x00007ffaabf70000 - 0x00007ffaabf79000 	C:\WINDOWS\SYSTEM32\WSOCK32.dll
0x00007ffab2670000 - 0x00007ffab26df000 	C:\WINDOWS\System32\WS2_32.dll
0x00007ffaa3400000 - 0x00007ffaa342d000 	C:\WINDOWS\SYSTEM32\WINMMBASE.dll
0x00007ffab0c40000 - 0x00007ffab0c8a000 	C:\WINDOWS\System32\cfgmgr32.dll
0x00007ffaafda0000 - 0x00007ffaafdb1000 	C:\WINDOWS\System32\kernel.appcore.dll
0x00007ffaabc20000 - 0x00007ffaabc30000 	C:\Program Files\Java\jdk-13.0.2\bin\verify.dll
0x00007ffaa7c00000 - 0x00007ffaa7df4000 	C:\WINDOWS\SYSTEM32\DBGHELP.DLL
0x00007ffaa7e30000 - 0x00007ffaa7e5a000 	C:\WINDOWS\SYSTEM32\dbgcore.DLL
0x00007ffaa47a0000 - 0x00007ffaa47c6000 	C:\Program Files\Java\jdk-13.0.2\bin\java.dll
0x00007ffaa9db0000 - 0x00007ffaa9dc7000 	C:\Program Files\Java\jdk-13.0.2\bin\zip.dll
0x00007ffaabc10000 - 0x00007ffaabc1a000 	C:\Program Files\Java\jdk-13.0.2\bin\jimage.dll

dbghelp: loaded successfully - version: 4.0.5 - missing functions: none
symbol engine: initialized successfully - sym options: 0x614 - pdb path: .;C:\Program Files\Java\jdk-13.0.2\bin;C:\WINDOWS\SYSTEM32;C:\WINDOWS\WinSxS\amd64_microsoft.windows.common-controls_6595b64144ccf1df_6.0.18362.778_none_e6c6b761130d4fb8;C:\Program Files\Java\jdk-13.0.2\bin\server

VM Arguments:
jvm_args: -Dfile.encoding=UTF-8 
java_command: Main
java_class_path (initial): A:\Users\Oreo\NetBeansProjects\HorodateurJava1\commons-lang3-3.9.jar;A:\Users\Oreo\NetBeansProjects\HorodateurJava1\sqlite-jdbc-3.30.1.jar;A:\Users\Oreo\NetBeansProjects\HorodateurJava1\build\classes
Launcher Type: SUN_STANDARD

[Global flags]
     intx CICompilerCount                          = 4                                         {product} {ergonomic}
     uint ConcGCThreads                            = 3                                         {product} {ergonomic}
     uint G1ConcRefinementThreads                  = 10                                        {product} {ergonomic}
   size_t G1HeapRegionSize                         = 1048576                                   {product} {ergonomic}
    uintx GCDrainStackTargetSize                   = 64                                        {product} {ergonomic}
   size_t InitialHeapSize                          = 266338304                                 {product} {ergonomic}
   size_t MarkStackSize                            = 4194304                                   {product} {ergonomic}
   size_t MaxHeapSize                              = 4255121408                                {product} {ergonomic}
   size_t MinHeapDeltaBytes                        = 1048576                                   {product} {ergonomic}
   size_t MinHeapSize                              = 8388608                                   {product} {ergonomic}
    uintx NonNMethodCodeHeapSize                   = 5839372                                {pd product} {ergonomic}
    uintx NonProfiledCodeHeapSize                  = 122909434                              {pd product} {ergonomic}
    uintx ProfiledCodeHeapSize                     = 122909434                              {pd product} {ergonomic}
    uintx ReservedCodeCacheSize                    = 251658240                              {pd product} {ergonomic}
     bool SegmentedCodeCache                       = true                                      {product} {ergonomic}
   size_t SoftMaxHeapSize                          = 4255121408                             {manageable} {ergonomic}
     bool UseCompressedClassPointers               = true                                 {lp64_product} {ergonomic}
     bool UseCompressedOops                        = true                                 {lp64_product} {ergonomic}
     bool UseG1GC                                  = true                                      {product} {ergonomic}
     bool UseLargePagesIndividualAllocation        = false                                  {pd product} {ergonomic}

Logging:
Log output configuration:
 #0: stdout all=warning uptime,level,tags
 #1: stderr all=off uptime,level,tags

Environment Variables:
PATH=C:\Program Files (x86)\Common Files\Oracle\Java\javapath;C:\ProgramData\Oracle\Java\javapath;C:\Windows\system32;C:\Windows;C:\Windows\System32\Wbem;C:\Windows\System32\WindowsPowerShell\v1.0\;C:\Program Files (x86)\NVIDIA Corporation\PhysX\Common;C:\WINDOWS\system32;C:\WINDOWS;C:\WINDOWS\System32\Wbem;C:\WINDOWS\System32\WindowsPowerShell\v1.0\;C:\WINDOWS\System32\OpenSSH\;A:\Program Files (x86)\Perforce\;A:\Program Files (x86)\Git\cmd;C:\Program Files\Common Files\Autodesk Shared\;C:\Program Files\Microsoft SQL Server\120\Tools\Binn\;C:\Program Files\dotnet\;C:\Users\Oreo\AppData\Local\Microsoft\WindowsApps;A:\Program Files (x86)\Microsoft VS Code\bin
USERNAME=Oreo
OS=Windows_NT
PROCESSOR_IDENTIFIER=Intel64 Family 6 Model 158 Stepping 10, GenuineIntel



---------------  S Y S T E M  ---------------

OS: Windows 10 , 64 bit Build 18362 (10.0.18362.778)

CPU:total 12 (initial active 12) (6 cores per cpu, 2 threads per core) family 6 model 158 stepping 10, cmov, cx8, fxsr, mmx, sse, sse2, sse3, ssse3, sse4.1, sse4.2, popcnt, avx, avx2, aes, clmul, erms, 3dnowpref, lzcnt, ht, tsc, tscinvbit, bmi1, bmi2, adx, fma

Memory: 4k page, system-wide physical 16230M (7382M free)
TotalPageFile size 31342M (AvailPageFile size 243M)
current process WorkingSet (physical memory assigned to process): 10M, peak: 10M
current process commit charge ("private bytes"): 65M, peak: 319M

vm_info: Java HotSpot(TM) 64-Bit Server VM (13.0.2+8) for windows-amd64 JRE (13.0.2+8), built on Dec 11 2019 09:20:33 by "mach5one" with unknown MS VC++:1916

END.
