#
# There is insufficient memory for the Java Runtime Environment to continue.
# Native memory allocation (malloc) failed to allocate 1116384 bytes for Chunk::new
# Possible reasons:
#   The system is out of physical RAM or swap space
#   The process is running with CompressedOops enabled, and the Java Heap may be blocking the growth of the native heap
# Possible solutions:
#   Reduce memory load on the system
#   Increase physical memory or swap space
#   Check if swap backing store is full
#   Decrease Java heap size (-Xmx/-Xms)
#   Decrease number of Java threads
#   Decrease Java thread stack sizes (-Xss)
#   Set larger code cache with -XX:ReservedCodeCacheSize=
#   JVM is running with Zero Based Compressed Oops mode in which the Java heap is
#     placed in the first 32GB address space. The Java Heap base address is the
#     maximum limit for the native heap growth. Please use -XX:HeapBaseMinAddress
#     to set the Java Heap base and to place the Java Heap above 32GB virtual address.
# This output file may be truncated or incomplete.
#
#  Out of Memory Error (t:/workspace/open/src/hotspot/share/memory/arena.cpp:196), pid=2388, tid=4044
#
# JRE version: Java(TM) SE Runtime Environment (13.0.2+8) (build 13.0.2+8)
# Java VM: Java HotSpot(TM) 64-Bit Server VM (13.0.2+8, mixed mode, sharing, tiered, compressed oops, g1 gc, windows-amd64)
# No core dump will be written. Minidumps are not enabled by default on client versions of Windows
#

---------------  S U M M A R Y ------------

Command Line: -Dapplication.home=C:\Program Files\Java\jdk-13.0.2 --add-modules=ALL-DEFAULT -Xms8m -Djdk.module.main=jdk.compiler jdk.compiler/com.sun.tools.javac.Main -d A:\Users\Oreo\NetBeansProjects\HorodateurJava1\build\classes -classpath A:\Users\Oreo\NetBeansProjects\HorodateurJava1\build\classes;A:\Users\Oreo\NetBeansProjects\HorodateurJava1\commons-lang3-3.9.jar;A:\Users\Oreo\NetBeansProjects\HorodateurJava1\sqlite-jdbc-3.30.1.jar -sourcepath A:\Users\Oreo\NetBeansProjects\HorodateurJava1\build\empty -target 13 -encoding UTF-8 -g -processorpath A:\Users\Oreo\NetBeansProjects\HorodateurJava1\commons-lang3-3.9.jar;A:\Users\Oreo\NetBeansProjects\HorodateurJava1\sqlite-jdbc-3.30.1.jar;A:\Users\Oreo\NetBeansProjects\HorodateurJava1\build\empty -s A:\Users\Oreo\NetBeansProjects\HorodateurJava1\build\generated-sources\ap-source-output -source 13 A:\Users\Oreo\NetBeansProjects\HorodateurJava1\src\Frame\AddEmployeeFrame.java A:\Users\Oreo\NetBeansProjects\HorodateurJava1\src\Mainframe.java

Host: Intel(R) Core(TM) i7-8750H CPU @ 2.20GHz, 12 cores, 15G,  Windows 10 , 64 bit Build 18362 (10.0.18362.778)
Time: Thu Apr 16 01:15:02 2020 Eastern Daylight Time elapsed time: 1 seconds (0d 0h 0m 1s)

---------------  T H R E A D  ---------------

Current thread (0x0000017306220800):  JavaThread "C2 CompilerThread0" daemon [_thread_in_native, id=4044, stack(0x00000070dca00000,0x00000070dcb00000)]


Current CompileTask:
C2:   1474 1629       4       com.sun.tools.javac.jvm.PoolReader::resolve (341 bytes)

Stack: [0x00000070dca00000,0x00000070dcb00000]
Native frames: (J=compiled Java code, j=interpreted, Vv=VM code, C=native code)
V  [jvm.dll+0x624f9a]
V  [jvm.dll+0x770cfa]
V  [jvm.dll+0x7724af]
V  [jvm.dll+0x772ab3]
V  [jvm.dll+0x24bf08]
V  [jvm.dll+0xc1e47]
V  [jvm.dll+0xc23cc]
V  [jvm.dll+0x35c0c5]
V  [jvm.dll+0x19f100]
V  [jvm.dll+0x205d36]
V  [jvm.dll+0x204e3f]
V  [jvm.dll+0x189c2c]
V  [jvm.dll+0x213e6d]
V  [jvm.dll+0x2120bb]
V  [jvm.dll+0x736bb6]
V  [jvm.dll+0x72fcaa]
V  [jvm.dll+0x623ea6]
C  [ucrtbase.dll+0x20e72]
C  [KERNEL32.DLL+0x17bd4]
C  [ntdll.dll+0x6ce51]


---------------  P R O C E S S  ---------------

Threads class SMR info:
_java_thread_list=0x00000173079d6780, length=12, elements={
0x00000173622b1800, 0x00000173061fe000, 0x0000017306203800, 0x000001730621c000,
0x000001730621f000, 0x0000017306220800, 0x0000017306225800, 0x000001730623a000,
0x0000017306c3e800, 0x0000017306cce800, 0x0000017307310800, 0x0000017307338800
}

Java Threads: ( => current thread )
  0x00000173622b1800 JavaThread "main" [_thread_blocked, id=11840, stack(0x00000070dbf00000,0x00000070dc000000)]
  0x00000173061fe000 JavaThread "Reference Handler" daemon [_thread_blocked, id=16304, stack(0x00000070dc600000,0x00000070dc700000)]
  0x0000017306203800 JavaThread "Finalizer" daemon [_thread_blocked, id=16164, stack(0x00000070dc700000,0x00000070dc800000)]
  0x000001730621c000 JavaThread "Signal Dispatcher" daemon [_thread_blocked, id=13320, stack(0x00000070dc800000,0x00000070dc900000)]
  0x000001730621f000 JavaThread "Attach Listener" daemon [_thread_blocked, id=12928, stack(0x00000070dc900000,0x00000070dca00000)]
=>0x0000017306220800 JavaThread "C2 CompilerThread0" daemon [_thread_in_native, id=4044, stack(0x00000070dca00000,0x00000070dcb00000)]
  0x0000017306225800 JavaThread "C1 CompilerThread0" daemon [_thread_blocked, id=8492, stack(0x00000070dcb00000,0x00000070dcc00000)]
  0x000001730623a000 JavaThread "Sweeper thread" daemon [_thread_blocked, id=15916, stack(0x00000070dcc00000,0x00000070dcd00000)]
  0x0000017306c3e800 JavaThread "Common-Cleaner" daemon [_thread_blocked, id=6248, stack(0x00000070dcd00000,0x00000070dce00000)]
  0x0000017306cce800 JavaThread "Service Thread" daemon [_thread_blocked, id=7700, stack(0x00000070dcf00000,0x00000070dd000000)]
  0x0000017307310800 JavaThread "C2 CompilerThread1" daemon [_thread_blocked, id=11056, stack(0x00000070dce00000,0x00000070dcf00000)]
  0x0000017307338800 JavaThread "C2 CompilerThread2" daemon [_thread_blocked, id=12232, stack(0x00000070dd400000,0x00000070dd500000)]

Other Threads:
  0x00000173061fc800 VMThread "VM Thread" [stack: 0x00000070dc500000,0x00000070dc600000] [id=11376] _threads_hazard_ptr=0x00000173079d6780
  0x000001736231b000 GCTaskThread "GC Thread#0" [stack: 0x00000070dc000000,0x00000070dc100000] [id=11340]
  0x0000017306e22800 GCTaskThread "GC Thread#1" [stack: 0x00000070dd100000,0x00000070dd200000] [id=16088]
  0x000001736233d800 ConcurrentGCThread "G1 Main Marker" [stack: 0x00000070dc100000,0x00000070dc200000] [id=9212]
  0x000001736233f000 ConcurrentGCThread "G1 Conc#0" [stack: 0x00000070dc200000,0x00000070dc300000] [id=12676]
  0x0000017307a0e800 ConcurrentGCThread "G1 Conc#1" [stack: 0x00000070dd200000,0x00000070dd300000] [id=12652]
  0x000001730730f000 ConcurrentGCThread "G1 Conc#2" [stack: 0x00000070dd300000,0x00000070dd400000] [id=12184]
  0x0000017362374000 ConcurrentGCThread "G1 Refine#0" [stack: 0x00000070dc300000,0x00000070dc400000] [id=11596]
  0x0000017362378000 ConcurrentGCThread "G1 Young RemSet Sampling" [stack: 0x00000070dc400000,0x00000070dc500000] [id=8676]

Threads with active compile tasks:
C2 CompilerThread0     1496 1629       4       com.sun.tools.javac.jvm.PoolReader::resolve (341 bytes)
C2 CompilerThread1     1496 2152       4       com.sun.tools.javac.comp.Resolve::findInheritedMemberType (186 bytes)
C2 CompilerThread2     1496 1378   !   4       com.sun.tools.javac.jvm.ClassReader::classSigToType (497 bytes)

VM state:at safepoint (normal execution)

VM Mutex/Monitor currently owned by a thread:  ([mutex/lock_event])
[0x00000173622adde0] Threads_lock - owner thread: 0x00000173061fc800
[0x00000173622adba0] Heap_lock - owner thread: 0x00000173622b1800

Heap address: 0x0000000702600000, size: 4058 MB, Compressed Oops mode: Zero based, Oop shift amount: 3
Narrow klass base: 0x0000000800000000, Narrow klass shift: 3
Compressed class space size: 1073741824 Address: 0x0000000800b40000

Heap:
 garbage-first heap   total 36864K, used 20438K [0x0000000702600000, 0x0000000800000000)
  region size 1024K, 11 young (11264K), 2 survivors (2048K)
 Metaspace       used 11080K, capacity 13646K, committed 13952K, reserved 1060864K
  class space    used 1249K, capacity 1593K, committed 1664K, reserved 1048576K
Heap Regions: E=young(eden), S=young(survivor), O=old, HS=humongous(starts), HC=humongous(continues), CS=collection set, F=free, A=archive, TAMS=top-at-mark-start (previous, next)
|   0|0x0000000702600000, 0x0000000702700000, 0x0000000702700000|100%| O|  |TAMS 0x0000000702700000, 0x0000000702600000| Untracked 
|   1|0x0000000702700000, 0x0000000702800000, 0x0000000702800000|100%| O|  |TAMS 0x0000000702800000, 0x0000000702700000| Untracked 
|   2|0x0000000702800000, 0x0000000702900000, 0x0000000702900000|100%| O|  |TAMS 0x0000000702900000, 0x0000000702800000| Untracked 
|   3|0x0000000702900000, 0x0000000702a00000, 0x0000000702a00000|100%| O|  |TAMS 0x0000000702a00000, 0x0000000702900000| Untracked 
|   4|0x0000000702a00000, 0x0000000702b00000, 0x0000000702b00000|100%| O|  |TAMS 0x0000000702a35800, 0x0000000702a00000| Untracked 
|   5|0x0000000702b00000, 0x0000000702c00000, 0x0000000702c00000|100%| O|  |TAMS 0x0000000702b00000, 0x0000000702b00000| Untracked 
|   6|0x0000000702c00000, 0x0000000702d00000, 0x0000000702d00000|100%| O|  |TAMS 0x0000000702c00000, 0x0000000702c00000| Untracked 
|   7|0x0000000702d00000, 0x0000000702e00000, 0x0000000702e00000|100%| O|  |TAMS 0x0000000702d00000, 0x0000000702d00000| Untracked 
|   8|0x0000000702e00000, 0x0000000702f00000, 0x0000000702f00000|100%| O|  |TAMS 0x0000000702e00000, 0x0000000702e00000| Untracked 
|   9|0x0000000702f00000, 0x0000000703000000, 0x0000000703000000|100%|HS|  |TAMS 0x0000000702f00000, 0x0000000702f00000| Complete 
|  10|0x0000000703000000, 0x00000007030b4000, 0x0000000703100000| 70%| O|  |TAMS 0x0000000703000000, 0x0000000703000000| Untracked 
|  11|0x0000000703100000, 0x0000000703100000, 0x0000000703200000|  0%| F|  |TAMS 0x0000000703100000, 0x0000000703100000| Untracked 
|  12|0x0000000703200000, 0x0000000703200000, 0x0000000703300000|  0%| F|  |TAMS 0x0000000703200000, 0x0000000703200000| Untracked 
|  13|0x0000000703300000, 0x0000000703300000, 0x0000000703400000|  0%| F|  |TAMS 0x0000000703300000, 0x0000000703300000| Untracked 
|  14|0x0000000703400000, 0x0000000703400000, 0x0000000703500000|  0%| F|  |TAMS 0x0000000703400000, 0x0000000703400000| Untracked 
|  15|0x0000000703500000, 0x0000000703500000, 0x0000000703600000|  0%| F|  |TAMS 0x0000000703500000, 0x0000000703500000| Untracked 
|  16|0x0000000703600000, 0x0000000703600000, 0x0000000703700000|  0%| F|  |TAMS 0x0000000703600000, 0x0000000703600000| Untracked 
|  17|0x0000000703700000, 0x0000000703700000, 0x0000000703800000|  0%| F|  |TAMS 0x0000000703700000, 0x0000000703700000| Untracked 
|  18|0x0000000703800000, 0x0000000703800000, 0x0000000703900000|  0%| F|  |TAMS 0x0000000703800000, 0x0000000703800000| Untracked 
|  19|0x0000000703900000, 0x0000000703900000, 0x0000000703a00000|  0%| F|  |TAMS 0x0000000703900000, 0x0000000703900000| Untracked 
|  20|0x0000000703a00000, 0x0000000703a00000, 0x0000000703b00000|  0%| F|  |TAMS 0x0000000703a00000, 0x0000000703a00000| Untracked 
|  21|0x0000000703b00000, 0x0000000703b00000, 0x0000000703c00000|  0%| F|  |TAMS 0x0000000703b00000, 0x0000000703b00000| Untracked 
|  22|0x0000000703c00000, 0x0000000703c41940, 0x0000000703d00000| 25%| S|CS|TAMS 0x0000000703c00000, 0x0000000703c00000| Complete 
|  23|0x0000000703d00000, 0x0000000703e00000, 0x0000000703e00000|100%| S|CS|TAMS 0x0000000703d00000, 0x0000000703d00000| Complete 
|  24|0x0000000703e00000, 0x0000000703e00000, 0x0000000703f00000|  0%| F|  |TAMS 0x0000000703e00000, 0x0000000703e00000| Untracked 
|  25|0x0000000703f00000, 0x0000000703f00000, 0x0000000704000000|  0%| F|  |TAMS 0x0000000703f00000, 0x0000000703f00000| Untracked 
|  26|0x0000000704000000, 0x0000000704000000, 0x0000000704100000|  0%| F|  |TAMS 0x0000000704000000, 0x0000000704000000| Untracked 
|  27|0x0000000704100000, 0x0000000704133640, 0x0000000704200000| 20%| E|  |TAMS 0x0000000704100000, 0x0000000704100000| Complete 
|  28|0x0000000704200000, 0x0000000704300000, 0x0000000704300000|100%| E|CS|TAMS 0x0000000704200000, 0x0000000704200000| Complete 
|  29|0x0000000704300000, 0x0000000704400000, 0x0000000704400000|100%| E|CS|TAMS 0x0000000704300000, 0x0000000704300000| Complete 
|  30|0x0000000704400000, 0x0000000704500000, 0x0000000704500000|100%| E|CS|TAMS 0x0000000704400000, 0x0000000704400000| Complete 
|  31|0x0000000704500000, 0x0000000704600000, 0x0000000704600000|100%| E|CS|TAMS 0x0000000704500000, 0x0000000704500000| Complete 
|  32|0x0000000704600000, 0x0000000704700000, 0x0000000704700000|100%| E|CS|TAMS 0x0000000704600000, 0x0000000704600000| Complete 
|  33|0x0000000704700000, 0x0000000704800000, 0x0000000704800000|100%| E|CS|TAMS 0x0000000704700000, 0x0000000704700000| Complete 
|  34|0x0000000704800000, 0x0000000704900000, 0x0000000704900000|100%| E|CS|TAMS 0x0000000704800000, 0x0000000704800000| Complete 
|  35|0x0000000704900000, 0x0000000704a00000, 0x0000000704a00000|100%| E|CS|TAMS 0x0000000704900000, 0x0000000704900000| Complete 

Card table byte_map: [0x000001737a600000,0x000001737adf0000] _byte_map_base: 0x0000017376ded000

Marking Bits (Prev, Next): (CMBitMap*) 0x000001736231bbb8, (CMBitMap*) 0x000001736231bb78
 Prev Bits: [0x0000017300000000, 0x0000017303f68000)
 Next Bits: [0x000001737b5e0000, 0x000001737f548000)

Polling page: 0x00000173600d0000

Metaspace:

Usage:
  Non-class:     11.77 MB capacity,     9.60 MB ( 82%) used,     2.13 MB ( 18%) free+waste,    39.69 KB ( <1%) overhead. 
      Class:      1.56 MB capacity,     1.22 MB ( 78%) used,   324.38 KB ( 20%) free+waste,    18.94 KB (  1%) overhead. 
       Both:     13.33 MB capacity,    10.82 MB ( 81%) used,     2.45 MB ( 18%) free+waste,    58.63 KB ( <1%) overhead. 

Virtual space:
  Non-class space:       12.00 MB reserved,      12.00 MB (100%) committed 
      Class space:        1.00 GB reserved,       1.63 MB ( <1%) committed 
             Both:        1.01 GB reserved,      13.63 MB (  1%) committed 

Chunk freelists:
   Non-Class:  43.00 KB
       Class:  7.00 KB
        Both:  50.00 KB

MaxMetaspaceSize: 17179869184.00 GB
CompressedClassSpaceSize: 1.00 GB

CodeHeap 'non-profiled nmethods': size=120000Kb used=691Kb max_used=691Kb free=119308Kb
 bounds [0x0000017372280000, 0x00000173724f0000, 0x00000173797b0000]
CodeHeap 'profiled nmethods': size=120000Kb used=5266Kb max_used=5266Kb free=114734Kb
 bounds [0x000001736ad50000, 0x000001736b280000, 0x0000017372280000]
CodeHeap 'non-nmethods': size=5760Kb used=1184Kb max_used=1213Kb free=4575Kb
 bounds [0x000001736a7b0000, 0x000001736aa20000, 0x000001736ad50000]
 total_blobs=3427 nmethods=2259 adapters=343
 compilation: enabled
              stopped_count=0, restarted_count=0
 full_count=0

Compilation events (20 events):
Event: 1.426 Thread 0x0000017306225800 2293       2       com.sun.tools.javac.util.Bits::<init> (6 bytes)
Event: 1.426 Thread 0x0000017306225800 nmethod 2293 0x000001736b271890 code [0x000001736b271a40, 0x000001736b271bf0]
Event: 1.426 Thread 0x0000017306225800 2290       2       com.sun.tools.javac.jvm.PoolWriter::putClass (16 bytes)
Event: 1.426 Thread 0x0000017306225800 nmethod 2290 0x000001736b271c90 code [0x000001736b271e80, 0x000001736b2721c0]
Event: 1.426 Thread 0x0000017306225800 2294       2       com.sun.tools.javac.util.Bits::dup (43 bytes)
Event: 1.427 Thread 0x0000017306225800 nmethod 2294 0x000001736b272410 code [0x000001736b272600, 0x000001736b272a30]
Event: 1.427 Thread 0x0000017306225800 2295       2       com.sun.tools.javac.util.Bits::dupBits (43 bytes)
Event: 1.427 Thread 0x0000017306225800 nmethod 2295 0x000001736b272b90 code [0x000001736b272d40, 0x000001736b273030]
Event: 1.427 Thread 0x0000017306225800 2289       2       com.sun.tools.javac.jvm.Items$MemberItem::invoke (120 bytes)
Event: 1.427 Thread 0x0000017306225800 nmethod 2289 0x000001736b273110 code [0x000001736b273320, 0x000001736b273700]
Event: 1.427 Thread 0x0000017306225800 2285       1       com.sun.tools.javac.jvm.PoolConstant$LoadableConstant$BasicConstant::poolTag (5 bytes)
Event: 1.427 Thread 0x0000017306225800 nmethod 2285 0x000001737232c390 code [0x000001737232c520, 0x000001737232c658]
Event: 1.427 Thread 0x0000017306225800 2288       2       com.sun.tools.javac.jvm.Gen::isConstantDynamic (33 bytes)
Event: 1.427 Thread 0x0000017306225800 nmethod 2288 0x000001736b273a10 code [0x000001736b273bc0, 0x000001736b273e50]
Event: 1.427 Thread 0x0000017306225800 2297       1       com.sun.tools.javac.code.Type$ClassType::poolTag (3 bytes)
Event: 1.427 Thread 0x0000017306225800 nmethod 2297 0x000001737232c710 code [0x000001737232c8a0, 0x000001737232c9d8]
Event: 1.443 Thread 0x0000017306225800 2298       2       jdk.internal.ref.PhantomCleanable::clean (16 bytes)
Event: 1.443 Thread 0x0000017306225800 nmethod 2298 0x000001736b273f90 code [0x000001736b274140, 0x000001736b274340]
Event: 1.443 Thread 0x0000017306225800 2299       2       jdk.internal.ref.CleanerImpl$PhantomCleanableRef::performCleanup (10 bytes)
Event: 1.443 Thread 0x0000017306225800 nmethod 2299 0x000001736b274410 code [0x000001736b2745c0, 0x000001736b274770]

GC Heap History (20 events):
Event: 0.746 GC heap before
{Heap before GC invocations=10 (full 0):
 garbage-first heap   total 14336K, used 6668K [0x0000000702600000, 0x0000000800000000)
  region size 1024K, 3 young (3072K), 1 survivors (1024K)
 Metaspace       used 8921K, capacity 11653K, committed 11904K, reserved 1060864K
  class space    used 1055K, capacity 1385K, committed 1408K, reserved 1048576K
}
Event: 0.748 GC heap after
{Heap after GC invocations=11 (full 0):
 garbage-first heap   total 14336K, used 4950K [0x0000000702600000, 0x0000000800000000)
  region size 1024K, 1 young (1024K), 1 survivors (1024K)
 Metaspace       used 8921K, capacity 11653K, committed 11904K, reserved 1060864K
  class space    used 1055K, capacity 1385K, committed 1408K, reserved 1048576K
}
Event: 0.760 GC heap before
{Heap before GC invocations=11 (full 0):
 garbage-first heap   total 14336K, used 6998K [0x0000000702600000, 0x0000000800000000)
  region size 1024K, 3 young (3072K), 1 survivors (1024K)
 Metaspace       used 8943K, capacity 11656K, committed 11904K, reserved 1060864K
  class space    used 1055K, capacity 1385K, committed 1408K, reserved 1048576K
}
Event: 0.763 GC heap after
{Heap after GC invocations=12 (full 0):
 garbage-first heap   total 14336K, used 5322K [0x0000000702600000, 0x0000000800000000)
  region size 1024K, 1 young (1024K), 1 survivors (1024K)
 Metaspace       used 8943K, capacity 11656K, committed 11904K, reserved 1060864K
  class space    used 1055K, capacity 1385K, committed 1408K, reserved 1048576K
}
Event: 0.774 GC heap before
{Heap before GC invocations=12 (full 0):
 garbage-first heap   total 14336K, used 7370K [0x0000000702600000, 0x0000000800000000)
  region size 1024K, 3 young (3072K), 1 survivors (1024K)
 Metaspace       used 8951K, capacity 11656K, committed 11904K, reserved 1060864K
  class space    used 1055K, capacity 1385K, committed 1408K, reserved 1048576K
}
Event: 0.776 GC heap after
{Heap after GC invocations=13 (full 0):
 garbage-first heap   total 14336K, used 5546K [0x0000000702600000, 0x0000000800000000)
  region size 1024K, 1 young (1024K), 1 survivors (1024K)
 Metaspace       used 8951K, capacity 11656K, committed 11904K, reserved 1060864K
  class space    used 1055K, capacity 1385K, committed 1408K, reserved 1048576K
}
Event: 0.790 GC heap before
{Heap before GC invocations=13 (full 0):
 garbage-first heap   total 14336K, used 7594K [0x0000000702600000, 0x0000000800000000)
  region size 1024K, 3 young (3072K), 1 survivors (1024K)
 Metaspace       used 8963K, capacity 11659K, committed 11904K, reserved 1060864K
  class space    used 1056K, capacity 1386K, committed 1408K, reserved 1048576K
}
Event: 0.791 GC heap after
{Heap after GC invocations=14 (full 0):
 garbage-first heap   total 18432K, used 5963K [0x0000000702600000, 0x0000000800000000)
  region size 1024K, 1 young (1024K), 1 survivors (1024K)
 Metaspace       used 8963K, capacity 11659K, committed 11904K, reserved 1060864K
  class space    used 1056K, capacity 1386K, committed 1408K, reserved 1048576K
}
Event: 0.810 GC heap before
{Heap before GC invocations=14 (full 0):
 garbage-first heap   total 18432K, used 10059K [0x0000000702600000, 0x0000000800000000)
  region size 1024K, 5 young (5120K), 1 survivors (1024K)
 Metaspace       used 8983K, capacity 11724K, committed 11904K, reserved 1060864K
  class space    used 1056K, capacity 1386K, committed 1408K, reserved 1048576K
}
Event: 0.814 GC heap after
{Heap after GC invocations=15 (full 0):
 garbage-first heap   total 18432K, used 6487K [0x0000000702600000, 0x0000000800000000)
  region size 1024K, 1 young (1024K), 1 survivors (1024K)
 Metaspace       used 8983K, capacity 11724K, committed 11904K, reserved 1060864K
  class space    used 1056K, capacity 1386K, committed 1408K, reserved 1048576K
}
Event: 0.842 GC heap before
{Heap before GC invocations=15 (full 0):
 garbage-first heap   total 18432K, used 8535K [0x0000000702600000, 0x0000000800000000)
  region size 1024K, 4 young (4096K), 1 survivors (1024K)
 Metaspace       used 9048K, capacity 11740K, committed 11904K, reserved 1060864K
  class space    used 1062K, capacity 1391K, committed 1408K, reserved 1048576K
}
Event: 0.846 GC heap after
{Heap after GC invocations=16 (full 0):
 garbage-first heap   total 18432K, used 7615K [0x0000000702600000, 0x0000000800000000)
  region size 1024K, 1 young (1024K), 1 survivors (1024K)
 Metaspace       used 9048K, capacity 11740K, committed 11904K, reserved 1060864K
  class space    used 1062K, capacity 1391K, committed 1408K, reserved 1048576K
}
Event: 0.874 GC heap before
{Heap before GC invocations=16 (full 0):
 garbage-first heap   total 18432K, used 10687K [0x0000000702600000, 0x0000000800000000)
  region size 1024K, 4 young (4096K), 1 survivors (1024K)
 Metaspace       used 9109K, capacity 11826K, committed 11904K, reserved 1060864K
  class space    used 1066K, capacity 1398K, committed 1408K, reserved 1048576K
}
Event: 0.877 GC heap after
{Heap after GC invocations=17 (full 0):
 garbage-first heap   total 18432K, used 8411K [0x0000000702600000, 0x0000000800000000)
  region size 1024K, 1 young (1024K), 1 survivors (1024K)
 Metaspace       used 9109K, capacity 11826K, committed 11904K, reserved 1060864K
  class space    used 1066K, capacity 1398K, committed 1408K, reserved 1048576K
}
Event: 0.882 GC heap before
{Heap before GC invocations=17 (full 0):
 garbage-first heap   total 18432K, used 11483K [0x0000000702600000, 0x0000000800000000)
  region size 1024K, 4 young (4096K), 1 survivors (1024K)
 Metaspace       used 9109K, capacity 11826K, committed 11904K, reserved 1060864K
  class space    used 1066K, capacity 1398K, committed 1408K, reserved 1048576K
}
Event: 0.886 GC heap after
{Heap after GC invocations=18 (full 0):
 garbage-first heap   total 36864K, used 8696K [0x0000000702600000, 0x0000000800000000)
  region size 1024K, 1 young (1024K), 1 survivors (1024K)
 Metaspace       used 9109K, capacity 11826K, committed 11904K, reserved 1060864K
  class space    used 1066K, capacity 1398K, committed 1408K, reserved 1048576K
}
Event: 1.046 GC heap before
{Heap before GC invocations=18 (full 0):
 garbage-first heap   total 36864K, used 17912K [0x0000000702600000, 0x0000000800000000)
  region size 1024K, 9 young (9216K), 1 survivors (1024K)
 Metaspace       used 9982K, capacity 12583K, committed 12800K, reserved 1060864K
  class space    used 1175K, capacity 1501K, committed 1536K, reserved 1048576K
}
Event: 1.051 GC heap after
{Heap after GC invocations=19 (full 0):
 garbage-first heap   total 36864K, used 11022K [0x0000000702600000, 0x0000000800000000)
  region size 1024K, 2 young (2048K), 2 survivors (2048K)
 Metaspace       used 9982K, capacity 12583K, committed 12800K, reserved 1060864K
  class space    used 1175K, capacity 1501K, committed 1536K, reserved 1048576K
}
Event: 1.302 GC heap before
{Heap before GC invocations=19 (full 0):
 garbage-first heap   total 36864K, used 21262K [0x0000000702600000, 0x0000000800000000)
  region size 1024K, 12 young (12288K), 2 survivors (2048K)
 Metaspace       used 10917K, capacity 13504K, committed 13696K, reserved 1060864K
  class space    used 1243K, capacity 1589K, committed 1664K, reserved 1048576K
}
Event: 1.309 GC heap after
{Heap after GC invocations=20 (full 0):
 garbage-first heap   total 36864K, used 12246K [0x0000000702600000, 0x0000000800000000)
  region size 1024K, 2 young (2048K), 2 survivors (2048K)
 Metaspace       used 10917K, capacity 13504K, committed 13696K, reserved 1060864K
  class space    used 1243K, capacity 1589K, committed 1664K, reserved 1048576K
}

Deoptimization events (20 events):
Event: 1.192 Thread 0x00000173622b1800 Uncommon trap: trap_request=0xffffffde fr.pc=0x00000173723106fc relative=0x00000000000001dc
Event: 1.192 Thread 0x00000173622b1800 Uncommon trap: reason=class_check action=maybe_recompile pc=0x00000173723106fc method=com.sun.tools.javac.code.Scope$ScopeListenerList.walkReferences(Lcom/sun/tools/javac/code/Symbol;Lcom/sun/tools/javac/code/Scope;Z)V @ 20 c2
Event: 1.192 Thread 0x00000173622b1800 DEOPT PACKING pc=0x00000173723106fc sp=0x00000070dbffe0f0
Event: 1.192 Thread 0x00000173622b1800 DEOPT UNPACKING pc=0x000001736a7f912f sp=0x00000070dbffe090 mode 2
Event: 1.192 Thread 0x00000173622b1800 Uncommon trap: trap_request=0xffffffde fr.pc=0x00000173723106fc relative=0x00000000000001dc
Event: 1.192 Thread 0x00000173622b1800 Uncommon trap: reason=class_check action=maybe_recompile pc=0x00000173723106fc method=com.sun.tools.javac.code.Scope$ScopeListenerList.walkReferences(Lcom/sun/tools/javac/code/Symbol;Lcom/sun/tools/javac/code/Scope;Z)V @ 20 c2
Event: 1.192 Thread 0x00000173622b1800 DEOPT PACKING pc=0x00000173723106fc sp=0x00000070dbffe0f0
Event: 1.192 Thread 0x00000173622b1800 DEOPT UNPACKING pc=0x000001736a7f912f sp=0x00000070dbffe090 mode 2
Event: 1.193 Thread 0x00000173622b1800 Uncommon trap: trap_request=0xffffffde fr.pc=0x00000173723106fc relative=0x00000000000001dc
Event: 1.193 Thread 0x00000173622b1800 Uncommon trap: reason=class_check action=maybe_recompile pc=0x00000173723106fc method=com.sun.tools.javac.code.Scope$ScopeListenerList.walkReferences(Lcom/sun/tools/javac/code/Symbol;Lcom/sun/tools/javac/code/Scope;Z)V @ 20 c2
Event: 1.193 Thread 0x00000173622b1800 DEOPT PACKING pc=0x00000173723106fc sp=0x00000070dbffe0f0
Event: 1.193 Thread 0x00000173622b1800 DEOPT UNPACKING pc=0x000001736a7f912f sp=0x00000070dbffe090 mode 2
Event: 1.202 Thread 0x00000173622b1800 Uncommon trap: trap_request=0xffffffc6 fr.pc=0x00000173722c4bb4 relative=0x00000000000013f4
Event: 1.202 Thread 0x00000173622b1800 Uncommon trap: reason=bimorphic_or_optimized_type_check action=maybe_recompile pc=0x00000173722c4bb4 method=java.util.HashMap.putVal(ILjava/lang/Object;Ljava/lang/Object;ZZ)Ljava/lang/Object; @ 253 c2
Event: 1.202 Thread 0x00000173622b1800 DEOPT PACKING pc=0x00000173722c4bb4 sp=0x00000070dbfff210
Event: 1.202 Thread 0x00000173622b1800 DEOPT UNPACKING pc=0x000001736a7f912f sp=0x00000070dbfff178 mode 2
Event: 1.389 Thread 0x00000173622b1800 Uncommon trap: trap_request=0xffffffde fr.pc=0x00000173723106fc relative=0x00000000000001dc
Event: 1.389 Thread 0x00000173622b1800 Uncommon trap: reason=class_check action=maybe_recompile pc=0x00000173723106fc method=com.sun.tools.javac.code.Scope$ScopeListenerList.walkReferences(Lcom/sun/tools/javac/code/Symbol;Lcom/sun/tools/javac/code/Scope;Z)V @ 20 c2
Event: 1.389 Thread 0x00000173622b1800 DEOPT PACKING pc=0x00000173723106fc sp=0x00000070dbffe200
Event: 1.390 Thread 0x00000173622b1800 DEOPT UNPACKING pc=0x000001736a7f912f sp=0x00000070dbffe1a0 mode 2

Classes unloaded (0 events):
No events

Classes redefined (0 events):
No events

Internal exceptions (20 events):
Event: 0.587 Thread 0x00000173622b1800 Exception <a 'java/lang/NoSuchMethodError'{0x0000000702f6fe28}: 'int java.lang.invoke.DirectMethodHandle$Holder.invokeSpecial(java.lang.Object, java.lang.Object, java.lang.Object, java.lang.Object, java.lang.Object)'> (0x0000000702f6fe28) 
thrown [t:/workspace/open/src/hotspot/share/interpreter/linkResolver.cpp, line 767]
Event: 0.627 Thread 0x00000173622b1800 Exception <a 'java/lang/NoSuchMethodError'{0x0000000702e3d4e8}: 'java.lang.Object java.lang.invoke.DirectMethodHandle$Holder.invokeStatic(java.lang.Object, int, java.lang.Object)'> (0x0000000702e3d4e8) 
thrown [t:/workspace/open/src/hotspot/share/interpreter/linkResolver.cpp, line 767]
Event: 0.657 Thread 0x00000173622b1800 Exception <a 'sun/nio/fs/WindowsException'{0x0000000702eab7d0}> (0x0000000702eab7d0) 
thrown [t:/workspace/open/src/hotspot/share/prims/jni.cpp, line 598]
Event: 0.664 Thread 0x00000173622b1800 Exception <a 'sun/nio/fs/WindowsException'{0x0000000702ecdea0}> (0x0000000702ecdea0) 
thrown [t:/workspace/open/src/hotspot/share/prims/jni.cpp, line 598]
Event: 0.716 Thread 0x00000173622b1800 Exception <a 'sun/nio/fs/WindowsException'{0x00000007033f1950}> (0x00000007033f1950) 
thrown [t:/workspace/open/src/hotspot/share/prims/jni.cpp, line 598]
Event: 0.717 Thread 0x00000173622b1800 Exception <a 'sun/nio/fs/WindowsException'{0x00000007033f48d8}> (0x00000007033f48d8) 
thrown [t:/workspace/open/src/hotspot/share/prims/jni.cpp, line 598]
Event: 0.717 Thread 0x00000173622b1800 Exception <a 'sun/nio/fs/WindowsException'{0x00000007033f4bc8}> (0x00000007033f4bc8) 
thrown [t:/workspace/open/src/hotspot/share/prims/jni.cpp, line 598]
Event: 0.718 Thread 0x00000173622b1800 Exception <a 'java/lang/NoSuchMethodError'{0x00000007033faa38}: 'java.lang.Object java.lang.invoke.DirectMethodHandle$Holder.invokeStatic(java.lang.Object, java.lang.Object, int, int)'> (0x00000007033faa38) 
thrown [t:/workspace/open/src/hotspot/share/interpreter/linkResolver.cpp, line 767]
Event: 0.723 Thread 0x00000173622b1800 Exception <a 'sun/nio/fs/WindowsException'{0x0000000703210218}> (0x0000000703210218) 
thrown [t:/workspace/open/src/hotspot/share/prims/jni.cpp, line 598]
Event: 0.723 Thread 0x00000173622b1800 Exception <a 'sun/nio/fs/WindowsException'{0x00000007032104d8}> (0x00000007032104d8) 
thrown [t:/workspace/open/src/hotspot/share/prims/jni.cpp, line 598]
Event: 0.723 Thread 0x00000173622b1800 Exception <a 'sun/nio/fs/WindowsException'{0x00000007032114e0}> (0x00000007032114e0) 
thrown [t:/workspace/open/src/hotspot/share/prims/jni.cpp, line 598]
Event: 0.723 Thread 0x00000173622b1800 Exception <a 'sun/nio/fs/WindowsException'{0x0000000703211790}> (0x0000000703211790) 
thrown [t:/workspace/open/src/hotspot/share/prims/jni.cpp, line 598]
Event: 0.744 Thread 0x00000173622b1800 Exception <a 'sun/nio/fs/WindowsException'{0x00000007032ed208}> (0x00000007032ed208) 
thrown [t:/workspace/open/src/hotspot/share/prims/jni.cpp, line 598]
Event: 0.744 Thread 0x00000173622b1800 Exception <a 'sun/nio/fs/WindowsException'{0x00000007032ed4c8}> (0x00000007032ed4c8) 
thrown [t:/workspace/open/src/hotspot/share/prims/jni.cpp, line 598]
Event: 0.745 Thread 0x00000173622b1800 Exception <a 'sun/nio/fs/WindowsException'{0x00000007032ee4d0}> (0x00000007032ee4d0) 
thrown [t:/workspace/open/src/hotspot/share/prims/jni.cpp, line 598]
Event: 0.745 Thread 0x00000173622b1800 Exception <a 'sun/nio/fs/WindowsException'{0x00000007032ee788}> (0x00000007032ee788) 
thrown [t:/workspace/open/src/hotspot/share/prims/jni.cpp, line 598]
Event: 0.952 Thread 0x00000173622b1800 Exception <a 'java/lang/NoSuchMethodError'{0x00000007046ca8e0}: 'int java.lang.invoke.DirectMethodHandle$Holder.invokeVirtual(java.lang.Object, java.lang.Object, java.lang.Object, java.lang.Object)'> (0x00000007046ca8e0) 
thrown [t:/workspace/open/src/hotspot/share/interpreter/linkResolver.cpp, line 767]
Event: 0.954 Thread 0x00000173622b1800 Exception <a 'java/lang/NoSuchMethodError'{0x00000007046d5008}: 'java.lang.Object java.lang.invoke.DirectMethodHandle$Holder.invokeStatic(java.lang.Object, java.lang.Object, int, java.lang.Object)'> (0x00000007046d5008) 
thrown [t:/workspace/open/src/hotspot/share/interpreter/linkResolver.cpp, line 767]
Event: 0.954 Thread 0x00000173622b1800 Exception <a 'java/lang/NoSuchMethodError'{0x00000007046db578}: 'java.lang.Object java.lang.invoke.Invokers$Holder.linkToTargetMethod(java.lang.Object, int, java.lang.Object, java.lang.Object)'> (0x00000007046db578) 
thrown [t:/workspace/open/src/hotspot/share/interpreter/linkResolver.cpp, line 767]
Event: 0.998 Thread 0x00000173622b1800 Exception <a 'java/lang/NoSuchMethodError'{0x00000007045dcb48}: 'void java.lang.invoke.DirectMethodHandle$Holder.invokeVirtual(java.lang.Object, java.lang.Object)'> (0x00000007045dcb48) 
thrown [t:/workspace/open/src/hotspot/share/interpreter/linkResolver.cpp, line 767]

Events (20 events):
Event: 1.363 loading class com/sun/tools/javac/comp/Attr done
Event: 1.363 loading class com/sun/tools/javac/tree/JCTree$JCCase
Event: 1.363 loading class com/sun/tools/javac/tree/JCTree$JCCase done
Event: 1.363 loading class com/sun/tools/javac/tree/JCTree$JCCase
Event: 1.363 loading class com/sun/tools/javac/tree/JCTree$JCCase done
Event: 1.442 loading class java/util/EnumMap$Values
Event: 1.442 loading class java/util/EnumMap$Values done
Event: 1.442 loading class java/util/EnumMap$ValueIterator
Event: 1.442 loading class java/util/EnumMap$ValueIterator done
Event: 1.443 loading class java/util/WeakHashMap$KeyIterator
Event: 1.443 loading class java/util/WeakHashMap$HashIterator
Event: 1.443 loading class java/util/WeakHashMap$HashIterator done
Event: 1.443 loading class java/util/WeakHashMap$KeyIterator done
Event: 1.443 loading class com/sun/tools/javac/util/ListBuffer
Event: 1.443 loading class com/sun/tools/javac/util/ListBuffer done
Event: 1.443 loading class com/sun/tools/javac/util/ListBuffer
Event: 1.443 loading class com/sun/tools/javac/util/ListBuffer done
Event: 1.444 loading class jdk/nio/zipfs/ZipFileSystem
Event: 1.444 loading class jdk/nio/zipfs/ZipFileSystem done
Event: 1.446 Executing VM operation: Exit


Dynamic libraries:
0x00007ff69f030000 - 0x00007ff69f037000 	C:\Program Files\Java\jdk-13.0.2\bin\javac.exe
0x00007ffab2d80000 - 0x00007ffab2f70000 	C:\WINDOWS\SYSTEM32\ntdll.dll
0x00007ffab2140000 - 0x00007ffab21f2000 	C:\WINDOWS\System32\KERNEL32.DLL
0x00007ffaaffd0000 - 0x00007ffab0273000 	C:\WINDOWS\System32\KERNELBASE.dll
0x00007ffaafed0000 - 0x00007ffaaffca000 	C:\WINDOWS\System32\ucrtbase.dll
0x00007ffaabf50000 - 0x00007ffaabf65000 	C:\Program Files\Java\jdk-13.0.2\bin\VCRUNTIME140.dll
0x00007ffaa9890000 - 0x00007ffaa98a8000 	C:\Program Files\Java\jdk-13.0.2\bin\jli.dll
0x00007ffab2450000 - 0x00007ffab24f3000 	C:\WINDOWS\System32\ADVAPI32.dll
0x00007ffab2760000 - 0x00007ffab27fe000 	C:\WINDOWS\System32\msvcrt.dll
0x00007ffab25d0000 - 0x00007ffab2667000 	C:\WINDOWS\System32\sechost.dll
0x00007ffab1de0000 - 0x00007ffab1f00000 	C:\WINDOWS\System32\RPCRT4.dll
0x00007ffaa0a50000 - 0x00007ffaa0cd5000 	C:\WINDOWS\WinSxS\amd64_microsoft.windows.common-controls_6595b64144ccf1df_6.0.18362.778_none_e6c6b761130d4fb8\COMCTL32.dll
0x00007ffab1ae0000 - 0x00007ffab1c74000 	C:\WINDOWS\System32\USER32.dll
0x00007ffab1690000 - 0x00007ffab19c6000 	C:\WINDOWS\System32\combase.dll
0x00007ffab0aa0000 - 0x00007ffab0ac1000 	C:\WINDOWS\System32\win32u.dll
0x00007ffaafdf0000 - 0x00007ffaafe70000 	C:\WINDOWS\System32\bcryptPrimitives.dll
0x00007ffab2420000 - 0x00007ffab2446000 	C:\WINDOWS\System32\GDI32.dll
0x00007ffab0c90000 - 0x00007ffab0e24000 	C:\WINDOWS\System32\gdi32full.dll
0x00007ffab0280000 - 0x00007ffab031e000 	C:\WINDOWS\System32\msvcp_win.dll
0x00007ffaa9470000 - 0x00007ffaa947a000 	C:\WINDOWS\SYSTEM32\VERSION.dll
0x00007ffab1660000 - 0x00007ffab168e000 	C:\WINDOWS\System32\IMM32.DLL
0x00007ffa95c10000 - 0x00007ffa95cab000 	C:\Program Files\Java\jdk-13.0.2\bin\msvcp140.dll
0x00007ffa5d7e0000 - 0x00007ffa5e33d000 	C:\Program Files\Java\jdk-13.0.2\bin\server\jvm.dll
0x00007ffab1f00000 - 0x00007ffab1f08000 	C:\WINDOWS\System32\PSAPI.DLL
0x00007ffaabf70000 - 0x00007ffaabf79000 	C:\WINDOWS\SYSTEM32\WSOCK32.dll
0x00007ffaa2360000 - 0x00007ffaa2384000 	C:\WINDOWS\SYSTEM32\WINMM.dll
0x00007ffab2670000 - 0x00007ffab26df000 	C:\WINDOWS\System32\WS2_32.dll
0x00007ffaa3400000 - 0x00007ffaa342d000 	C:\WINDOWS\SYSTEM32\WINMMBASE.dll
0x00007ffab0c40000 - 0x00007ffab0c8a000 	C:\WINDOWS\System32\cfgmgr32.dll
0x00007ffaafda0000 - 0x00007ffaafdb1000 	C:\WINDOWS\System32\kernel.appcore.dll
0x00007ffaabc20000 - 0x00007ffaabc30000 	C:\Program Files\Java\jdk-13.0.2\bin\verify.dll
0x00007ffaa7c00000 - 0x00007ffaa7df4000 	C:\WINDOWS\SYSTEM32\DBGHELP.DLL
0x00007ffaa7e30000 - 0x00007ffaa7e5a000 	C:\WINDOWS\SYSTEM32\dbgcore.DLL
0x00007ffaa47a0000 - 0x00007ffaa47c6000 	C:\Program Files\Java\jdk-13.0.2\bin\java.dll
0x00007ffaa9db0000 - 0x00007ffaa9dc7000 	C:\Program Files\Java\jdk-13.0.2\bin\zip.dll
0x00007ffaabc10000 - 0x00007ffaabc1a000 	C:\Program Files\Java\jdk-13.0.2\bin\jimage.dll
0x00007ffab0f10000 - 0x00007ffab15f5000 	C:\WINDOWS\System32\SHELL32.dll
0x00007ffab2820000 - 0x00007ffab28c9000 	C:\WINDOWS\System32\shcore.dll
0x00007ffab0320000 - 0x00007ffab0aa0000 	C:\WINDOWS\System32\windows.storage.dll
0x00007ffaafdc0000 - 0x00007ffaafde3000 	C:\WINDOWS\System32\profapi.dll
0x00007ffaafd30000 - 0x00007ffaafd7a000 	C:\WINDOWS\System32\powrprof.dll
0x00007ffaafd20000 - 0x00007ffaafd30000 	C:\WINDOWS\System32\UMPDC.dll
0x00007ffab1600000 - 0x00007ffab1652000 	C:\WINDOWS\System32\shlwapi.dll
0x00007ffab0ad0000 - 0x00007ffab0ae7000 	C:\WINDOWS\System32\cryptsp.dll
0x00007ffaabbc0000 - 0x00007ffaabbd9000 	C:\Program Files\Java\jdk-13.0.2\bin\net.dll
0x00007ffaaad80000 - 0x00007ffaaae70000 	C:\WINDOWS\SYSTEM32\WINHTTP.dll
0x00007ffaaf590000 - 0x00007ffaaf5f7000 	C:\WINDOWS\system32\mswsock.dll
0x00007ffaa9d50000 - 0x00007ffaa9d63000 	C:\Program Files\Java\jdk-13.0.2\bin\nio.dll

dbghelp: loaded successfully - version: 4.0.5 - missing functions: none
symbol engine: initialized successfully - sym options: 0x614 - pdb path: .;C:\Program Files\Java\jdk-13.0.2\bin;C:\WINDOWS\SYSTEM32;C:\WINDOWS\WinSxS\amd64_microsoft.windows.common-controls_6595b64144ccf1df_6.0.18362.778_none_e6c6b761130d4fb8;C:\Program Files\Java\jdk-13.0.2\bin\server

VM Arguments:
jvm_args: -Dapplication.home=C:\Program Files\Java\jdk-13.0.2 --add-modules=ALL-DEFAULT -Xms8m -Djdk.module.main=jdk.compiler 
java_command: jdk.compiler/com.sun.tools.javac.Main -d A:\Users\Oreo\NetBeansProjects\HorodateurJava1\build\classes -classpath A:\Users\Oreo\NetBeansProjects\HorodateurJava1\build\classes;A:\Users\Oreo\NetBeansProjects\HorodateurJava1\commons-lang3-3.9.jar;A:\Users\Oreo\NetBeansProjects\HorodateurJava1\sqlite-jdbc-3.30.1.jar -sourcepath A:\Users\Oreo\NetBeansProjects\HorodateurJava1\build\empty -target 13 -encoding UTF-8 -g -processorpath A:\Users\Oreo\NetBeansProjects\HorodateurJava1\commons-lang3-3.9.jar;A:\Users\Oreo\NetBeansProjects\HorodateurJava1\sqlite-jdbc-3.30.1.jar;A:\Users\Oreo\NetBeansProjects\HorodateurJava1\build\empty -s A:\Users\Oreo\NetBeansProjects\HorodateurJava1\build\generated-sources\ap-source-output -source 13 A:\Users\Oreo\NetBeansProjects\HorodateurJava1\src\Frame\AddEmployeeFrame.java A:\Users\Oreo\NetBeansProjects\HorodateurJava1\src\Mainframe.java
java_class_path (initial): <not set>
Launcher Type: SUN_STANDARD

[Global flags]
     intx CICompilerCount                          = 4                                         {product} {ergonomic}
     uint ConcGCThreads                            = 3                                         {product} {ergonomic}
     uint G1ConcRefinementThreads                  = 10                                        {product} {ergonomic}
   size_t G1HeapRegionSize                         = 1048576                                   {product} {ergonomic}
    uintx GCDrainStackTargetSize                   = 64                                        {product} {ergonomic}
   size_t InitialHeapSize                          = 8388608                                   {product} {command line}
   size_t MarkStackSize                            = 4194304                                   {product} {ergonomic}
   size_t MaxHeapSize                              = 4255121408                                {product} {ergonomic}
   size_t MaxNewSize                               = 2552233984                                {product} {ergonomic}
   size_t MinHeapDeltaBytes                        = 1048576                                   {product} {ergonomic}
   size_t MinHeapSize                              = 8388608                                   {product} {command line}
    uintx NonNMethodCodeHeapSize                   = 5839372                                {pd product} {ergonomic}
    uintx NonProfiledCodeHeapSize                  = 122909434                              {pd product} {ergonomic}
    uintx ProfiledCodeHeapSize                     = 122909434                              {pd product} {ergonomic}
    uintx ReservedCodeCacheSize                    = 251658240                              {pd product} {ergonomic}
     bool SegmentedCodeCache                       = true                                      {product} {ergonomic}
   size_t SoftMaxHeapSize                          = 4255121408                             {manageable} {ergonomic}
     bool UseCompressedClassPointers               = true                                 {lp64_product} {ergonomic}
     bool UseCompressedOops                        = true                                 {lp64_product} {ergonomic}
     bool UseG1GC                                  = true                                      {product} {ergonomic}
     bool UseLargePagesIndividualAllocation        = false                                  {pd product} {ergonomic}

Logging:
Log output configuration:
 #0: stdout all=warning uptime,level,tags
 #1: stderr all=off uptime,level,tags

Environment Variables:
PATH=C:\Program Files (x86)\Common Files\Oracle\Java\javapath;C:\ProgramData\Oracle\Java\javapath;C:\Windows\system32;C:\Windows;C:\Windows\System32\Wbem;C:\Windows\System32\WindowsPowerShell\v1.0\;C:\Program Files (x86)\NVIDIA Corporation\PhysX\Common;C:\WINDOWS\system32;C:\WINDOWS;C:\WINDOWS\System32\Wbem;C:\WINDOWS\System32\WindowsPowerShell\v1.0\;C:\WINDOWS\System32\OpenSSH\;A:\Program Files (x86)\Perforce\;A:\Program Files (x86)\Git\cmd;C:\Program Files\Common Files\Autodesk Shared\;C:\Program Files\Microsoft SQL Server\120\Tools\Binn\;C:\Program Files\dotnet\;C:\Users\Oreo\AppData\Local\Microsoft\WindowsApps;A:\Program Files (x86)\Microsoft VS Code\bin
USERNAME=Oreo
OS=Windows_NT
PROCESSOR_IDENTIFIER=Intel64 Family 6 Model 158 Stepping 10, GenuineIntel



---------------  S Y S T E M  ---------------

OS: Windows 10 , 64 bit Build 18362 (10.0.18362.778)

CPU:total 12 (initial active 12) (6 cores per cpu, 2 threads per core) family 6 model 158 stepping 10, cmov, cx8, fxsr, mmx, sse, sse2, sse3, ssse3, sse4.1, sse4.2, popcnt, avx, avx2, aes, clmul, erms, 3dnowpref, lzcnt, ht, tsc, tscinvbit, bmi1, bmi2, adx, fma

Memory: 4k page, system-wide physical 16230M (7086M free)
TotalPageFile size 31342M (AvailPageFile size 5M)
current process WorkingSet (physical memory assigned to process): 147M, peak: 149M
current process commit charge ("private bytes"): 199M, peak: 200M

vm_info: Java HotSpot(TM) 64-Bit Server VM (13.0.2+8) for windows-amd64 JRE (13.0.2+8), built on Dec 11 2019 09:20:33 by "mach5one" with unknown MS VC++:1916

END.
