#
# There is insufficient memory for the Java Runtime Environment to continue.
# Native memory allocation (mmap) failed to map 42991616 bytes for Failed to commit area from 0x0000000704f00000 to 0x0000000707800000 of length 42991616.
# Possible reasons:
#   The system is out of physical RAM or swap space
#   The process is running with CompressedOops enabled, and the Java Heap may be blocking the growth of the native heap
# Possible solutions:
#   Reduce memory load on the system
#   Increase physical memory or swap space
#   Check if swap backing store is full
#   Decrease Java heap size (-Xmx/-Xms)
#   Decrease number of Java threads
#   Decrease Java thread stack sizes (-Xss)
#   Set larger code cache with -XX:ReservedCodeCacheSize=
#   JVM is running with Zero Based Compressed Oops mode in which the Java heap is
#     placed in the first 32GB address space. The Java Heap base address is the
#     maximum limit for the native heap growth. Please use -XX:HeapBaseMinAddress
#     to set the Java Heap base and to place the Java Heap above 32GB virtual address.
# This output file may be truncated or incomplete.
#
#  Out of Memory Error (t:/workspace/open/src/hotspot/os/windows/os_windows.cpp:3301), pid=12308, tid=7188
#
# JRE version: Java(TM) SE Runtime Environment (13.0.2+8) (build 13.0.2+8)
# Java VM: Java HotSpot(TM) 64-Bit Server VM (13.0.2+8, mixed mode, sharing, tiered, compressed oops, g1 gc, windows-amd64)
# No core dump will be written. Minidumps are not enabled by default on client versions of Windows
#

---------------  S U M M A R Y ------------

Command Line: -Dapplication.home=C:\Program Files\Java\jdk-13.0.2 --add-modules=ALL-DEFAULT -Xms8m -Djdk.module.main=jdk.compiler jdk.compiler/com.sun.tools.javac.Main -d A:\Users\Oreo\NetBeansProjects\HorodateurJava1\build\classes -classpath A:\Users\Oreo\NetBeansProjects\HorodateurJava1\build\classes;A:\Users\Oreo\NetBeansProjects\HorodateurJava1\commons-lang3-3.9.jar;A:\Users\Oreo\NetBeansProjects\HorodateurJava1\sqlite-jdbc-3.30.1.jar -sourcepath A:\Users\Oreo\NetBeansProjects\HorodateurJava1\build\empty -target 13 -encoding UTF-8 -g -processorpath A:\Users\Oreo\NetBeansProjects\HorodateurJava1\commons-lang3-3.9.jar;A:\Users\Oreo\NetBeansProjects\HorodateurJava1\sqlite-jdbc-3.30.1.jar;A:\Users\Oreo\NetBeansProjects\HorodateurJava1\build\empty -s A:\Users\Oreo\NetBeansProjects\HorodateurJava1\build\generated-sources\ap-source-output -source 13 A:\Users\Oreo\NetBeansProjects\HorodateurJava1\src\AddEmployee_Frame.java A:\Users\Oreo\NetBeansProjects\HorodateurJava1\src\AdminLogin_Panel.java A:\Users\Oreo\NetBeansProjects\HorodateurJava1\src\AdminMenu_Frame.java A:\Users\Oreo\NetBeansProjects\HorodateurJava1\src\DataBaseAccess\myDBAccess.java A:\Users\Oreo\NetBeansProjects\HorodateurJava1\src\Frame\AddEmployeeFrame.java A:\Users\Oreo\NetBeansProjects\HorodateurJava1\src\Main.java A:\Users\Oreo\NetBeansProjects\HorodateurJava1\src\Mainframe.java

Host: Intel(R) Core(TM) i7-8750H CPU @ 2.20GHz, 12 cores, 15G,  Windows 10 , 64 bit Build 18362 (10.0.18362.778)
Time: Thu Apr 16 01:15:09 2020 Eastern Daylight Time elapsed time: 1 seconds (0d 0h 0m 1s)

---------------  T H R E A D  ---------------

Current thread (0x000001aeaedb1000):  VMThread "VM Thread" [stack: 0x0000003f8a200000,0x0000003f8a300000] [id=7188]

Stack: [0x0000003f8a200000,0x0000003f8a300000]
[error occurred during error reporting (printing stack bounds), id 0xc0000005, EXCEPTION_ACCESS_VIOLATION (0xc0000005) at pc=0x000001ae933610ad]

Native frames: (J=compiled Java code, j=interpreted, Vv=VM code, C=native code)
V  [jvm.dll+0x624f9a]
V  [jvm.dll+0x770cfa]
V  [jvm.dll+0x7724af]
V  [jvm.dll+0x772a15]
V  [jvm.dll+0x7729cb]
V  [jvm.dll+0x6244df]
C  [ntdll.dll+0x785b6]
C  [ntdll.dll+0x6a056]
C  [ntdll.dll+0x9fe3e]
C  0x000001ae933610ad

VM_Operation (0x0000003f89cfdea0): G1CollectForAllocation, mode: safepoint, requested by thread 0x000001ae8ae62800


---------------  P R O C E S S  ---------------

Threads class SMR info:
_java_thread_list=0x000001aeafd51cf0, length=12, elements={
0x000001ae8ae62800, 0x000001aeaedb6800, 0x000001aeaedb7800, 0x000001aeaedcf000,
0x000001aeaedd1000, 0x000001aeaedd2000, 0x000001aeaedd9800, 0x000001aeaeded000,
0x000001aeaf7f6000, 0x000001aeaf80c000, 0x000001aeaf85a800, 0x000001aeafd51000
}

Java Threads: ( => current thread )
  0x000001ae8ae62800 JavaThread "main" [_thread_blocked, id=13612, stack(0x0000003f89c00000,0x0000003f89d00000)]
  0x000001aeaedb6800 JavaThread "Reference Handler" daemon [_thread_blocked, id=13416, stack(0x0000003f8a300000,0x0000003f8a400000)]
  0x000001aeaedb7800 JavaThread "Finalizer" daemon [_thread_blocked, id=7976, stack(0x0000003f8a400000,0x0000003f8a500000)]
  0x000001aeaedcf000 JavaThread "Signal Dispatcher" daemon [_thread_blocked, id=7580, stack(0x0000003f8a500000,0x0000003f8a600000)]
  0x000001aeaedd1000 JavaThread "Attach Listener" daemon [_thread_blocked, id=11880, stack(0x0000003f8a600000,0x0000003f8a700000)]
  0x000001aeaedd2000 JavaThread "C2 CompilerThread0" daemon [_thread_in_native, id=9088, stack(0x0000003f8a700000,0x0000003f8a800000)]
  0x000001aeaedd9800 JavaThread "C1 CompilerThread0" daemon [_thread_blocked, id=15368, stack(0x0000003f8a800000,0x0000003f8a900000)]
  0x000001aeaeded000 JavaThread "Sweeper thread" daemon [_thread_blocked, id=12588, stack(0x0000003f8a900000,0x0000003f8aa00000)]
  0x000001aeaf7f6000 JavaThread "Common-Cleaner" daemon [_thread_blocked, id=7092, stack(0x0000003f8aa00000,0x0000003f8ab00000)]
  0x000001aeaf80c000 JavaThread "C2 CompilerThread1" daemon [_thread_blocked, id=12884, stack(0x0000003f8ab00000,0x0000003f8ac00000)]
  0x000001aeaf85a800 JavaThread "Service Thread" daemon [_thread_blocked, id=5580, stack(0x0000003f8ac00000,0x0000003f8ad00000)]
  0x000001aeafd51000 JavaThread "C2 CompilerThread2" daemon [_thread_blocked, id=7812, stack(0x0000003f8af00000,0x0000003f8b000000)]

Other Threads:
=>0x000001aeaedb1000 VMThread "VM Thread" [stack: 0x0000003f8a200000,0x0000003f8a300000] [id=7188]
  0x000001aeaf891800 WatcherThread [stack: 0x0000003f8ad00000,0x0000003f8ae00000] [id=16024]
  0x000001ae8aece000 GCTaskThread "GC Thread#0" [stack: 0x0000003f89d00000,0x0000003f89e00000] [id=16828]
  0x000001aeafa0a000 GCTaskThread "GC Thread#1" [stack: 0x0000003f8ae00000,0x0000003f8af00000] [id=12724]
  0x000001ae8aeef000 ConcurrentGCThread "G1 Main Marker" [stack: 0x0000003f89e00000,0x0000003f89f00000] [id=8724]
  0x000001ae8aef1000 ConcurrentGCThread "G1 Conc#0" [stack: 0x0000003f89f00000,0x0000003f8a000000] [id=13624]
  0x000001aeaff00000 ConcurrentGCThread "G1 Conc#1" [stack: 0x0000003f8b000000,0x0000003f8b100000] [id=17236]
  0x000001aeb0274000 ConcurrentGCThread "G1 Conc#2" [stack: 0x0000003f8b100000,0x0000003f8b200000] [id=12176]
  0x000001ae8af25000 ConcurrentGCThread "G1 Refine#0" [stack: 0x0000003f8a000000,0x0000003f8a100000] [id=8452]
  0x000001ae8af27000 ConcurrentGCThread "G1 Young RemSet Sampling" [stack: 0x0000003f8a100000,0x0000003f8a200000] [id=8292]

Threads with active compile tasks:
C2 CompilerThread0     1577 1715       4       com.sun.tools.javac.code.Symtab::lookupPackage (243 bytes)
C1 CompilerThread0     1577 2621       2       com.sun.tools.javac.tree.TreeInfo::flags (95 bytes)
C2 CompilerThread1     1577 2295       4       com.sun.tools.javac.comp.Resolve::findInheritedMemberType (186 bytes)
C2 CompilerThread2     1577 2301       4       com.sun.tools.javac.comp.Resolve::findField (316 bytes)

VM state:at safepoint (normal execution)

VM Mutex/Monitor currently owned by a thread:  ([mutex/lock_event])
[0x000001ae8ae60160] Threads_lock - owner thread: 0x000001aeaedb1000
[0x000001ae8ae5ec00] Heap_lock - owner thread: 0x000001ae8ae62800

Heap address: 0x0000000702600000, size: 4058 MB, Compressed Oops mode: Zero based, Oop shift amount: 3
Narrow klass base: 0x0000000800000000, Narrow klass shift: 3
Compressed class space size: 1073741824 Address: 0x0000000800b40000

Heap:
 garbage-first heap   total 83968K, used 14198K [0x0000000702600000, 0x0000000800000000)
  region size 1024K, 1 young (1024K), 1 survivors (1024K)
 Metaspace       used 11656K, capacity 13875K, committed 13952K, reserved 1060864K
  class space    used 1293K, capacity 1603K, committed 1664K, reserved 1048576K
Heap Regions: E=young(eden), S=young(survivor), O=old, HS=humongous(starts), HC=humongous(continues), CS=collection set, F=free, A=archive, TAMS=top-at-mark-start (previous, next)
|   0|0x0000000702600000, 0x0000000702700000, 0x0000000702700000|100%| O|  |TAMS 0x0000000702700000, 0x0000000702600000| Untracked 
|   1|0x0000000702700000, 0x0000000702800000, 0x0000000702800000|100%| O|  |TAMS 0x0000000702800000, 0x0000000702700000| Untracked 
|   2|0x0000000702800000, 0x0000000702900000, 0x0000000702900000|100%| O|  |TAMS 0x0000000702900000, 0x0000000702800000| Untracked 
|   3|0x0000000702900000, 0x0000000702a00000, 0x0000000702a00000|100%| O|  |TAMS 0x0000000702a00000, 0x0000000702900000| Untracked 
|   4|0x0000000702a00000, 0x0000000702b00000, 0x0000000702b00000|100%| O|  |TAMS 0x0000000702a2c200, 0x0000000702a00000| Untracked 
|   5|0x0000000702b00000, 0x0000000702c00000, 0x0000000702c00000|100%| O|  |TAMS 0x0000000702b00000, 0x0000000702b00000| Untracked 
|   6|0x0000000702c00000, 0x0000000702d00000, 0x0000000702d00000|100%| O|  |TAMS 0x0000000702c00000, 0x0000000702c00000| Untracked 
|   7|0x0000000702d00000, 0x0000000702e00000, 0x0000000702e00000|100%| O|  |TAMS 0x0000000702d00000, 0x0000000702d00000| Untracked 
|   8|0x0000000702e00000, 0x0000000702f00000, 0x0000000702f00000|100%| O|  |TAMS 0x0000000702e00000, 0x0000000702e00000| Untracked 
|   9|0x0000000702f00000, 0x0000000703000000, 0x0000000703000000|100%|HS|  |TAMS 0x0000000702f00000, 0x0000000702f00000| Complete 
|  10|0x0000000703000000, 0x0000000703100000, 0x0000000703100000|100%| O|  |TAMS 0x0000000703000000, 0x0000000703000000| Untracked 
|  11|0x0000000703100000, 0x0000000703200000, 0x0000000703200000|100%| O|  |TAMS 0x0000000703100000, 0x0000000703100000| Untracked 
|  12|0x0000000703200000, 0x00000007032eae00, 0x0000000703300000| 91%| O|  |TAMS 0x0000000703200000, 0x0000000703200000| Untracked 
|  13|0x0000000703300000, 0x0000000703300000, 0x0000000703400000|  0%| F|  |TAMS 0x0000000703300000, 0x0000000703300000| Untracked 
|  14|0x0000000703400000, 0x0000000703400000, 0x0000000703500000|  0%| F|  |TAMS 0x0000000703400000, 0x0000000703400000| Untracked 
|  15|0x0000000703500000, 0x0000000703500000, 0x0000000703600000|  0%| F|  |TAMS 0x0000000703500000, 0x0000000703500000| Untracked 
|  16|0x0000000703600000, 0x0000000703600000, 0x0000000703700000|  0%| F|  |TAMS 0x0000000703600000, 0x0000000703600000| Untracked 
|  17|0x0000000703700000, 0x0000000703700000, 0x0000000703800000|  0%| F|  |TAMS 0x0000000703700000, 0x0000000703700000| Untracked 
|  18|0x0000000703800000, 0x0000000703800000, 0x0000000703900000|  0%| F|  |TAMS 0x0000000703800000, 0x0000000703800000| Untracked 
|  19|0x0000000703900000, 0x0000000703900000, 0x0000000703a00000|  0%| F|  |TAMS 0x0000000703900000, 0x0000000703900000| Untracked 
|  20|0x0000000703a00000, 0x0000000703a00000, 0x0000000703b00000|  0%| F|  |TAMS 0x0000000703a00000, 0x0000000703a00000| Untracked 
|  21|0x0000000703b00000, 0x0000000703b00000, 0x0000000703c00000|  0%| F|  |TAMS 0x0000000703b00000, 0x0000000703b00000| Untracked 
|  22|0x0000000703c00000, 0x0000000703c00000, 0x0000000703d00000|  0%| F|  |TAMS 0x0000000703c00000, 0x0000000703c00000| Untracked 
|  23|0x0000000703d00000, 0x0000000703d00000, 0x0000000703e00000|  0%| F|  |TAMS 0x0000000703d00000, 0x0000000703d00000| Untracked 
|  24|0x0000000703e00000, 0x0000000703e00000, 0x0000000703f00000|  0%| F|  |TAMS 0x0000000703e00000, 0x0000000703e00000| Untracked 
|  25|0x0000000703f00000, 0x0000000703f00000, 0x0000000704000000|  0%| F|  |TAMS 0x0000000703f00000, 0x0000000703f00000| Untracked 
|  26|0x0000000704000000, 0x0000000704000000, 0x0000000704100000|  0%| F|  |TAMS 0x0000000704000000, 0x0000000704000000| Untracked 
|  27|0x0000000704100000, 0x0000000704100000, 0x0000000704200000|  0%| F|  |TAMS 0x0000000704100000, 0x0000000704100000| Untracked 
|  28|0x0000000704200000, 0x00000007042f2b20, 0x0000000704300000| 94%| S|CS|TAMS 0x0000000704200000, 0x0000000704200000| Complete 
|  29|0x0000000704300000, 0x0000000704300000, 0x0000000704400000|  0%| F|  |TAMS 0x0000000704300000, 0x0000000704300000| Untracked 
|  30|0x0000000704400000, 0x0000000704400000, 0x0000000704500000|  0%| F|  |TAMS 0x0000000704400000, 0x0000000704400000| Untracked 
|  31|0x0000000704500000, 0x0000000704500000, 0x0000000704600000|  0%| F|  |TAMS 0x0000000704500000, 0x0000000704500000| Untracked 
|  32|0x0000000704600000, 0x0000000704600000, 0x0000000704700000|  0%| F|  |TAMS 0x0000000704600000, 0x0000000704600000| Untracked 
|  33|0x0000000704700000, 0x0000000704700000, 0x0000000704800000|  0%| F|  |TAMS 0x0000000704700000, 0x0000000704700000| Untracked 
|  34|0x0000000704800000, 0x0000000704800000, 0x0000000704900000|  0%| F|  |TAMS 0x0000000704800000, 0x0000000704800000| Untracked 
|  35|0x0000000704900000, 0x0000000704900000, 0x0000000704a00000|  0%| F|  |TAMS 0x0000000704900000, 0x0000000704900000| Untracked 
|  36|0x0000000704a00000, 0x0000000704a00000, 0x0000000704b00000|  0%| F|  |TAMS 0x0000000704a00000, 0x0000000704a00000| Untracked 
|  37|0x0000000704b00000, 0x0000000704b00000, 0x0000000704c00000|  0%| F|  |TAMS 0x0000000704b00000, 0x0000000704b00000| Untracked 
|  38|0x0000000704c00000, 0x0000000704c00000, 0x0000000704d00000|  0%| F|  |TAMS 0x0000000704c00000, 0x0000000704c00000| Untracked 
|  39|0x0000000704d00000, 0x0000000704d00000, 0x0000000704e00000|  0%| F|  |TAMS 0x0000000704d00000, 0x0000000704d00000| Untracked 
|  40|0x0000000704e00000, 0x0000000704e00000, 0x0000000704f00000|  0%| F|  |TAMS 0x0000000704e00000, 0x0000000704e00000| Untracked 

Card table byte_map: [0x000001aea31c0000,0x000001aea39b0000] _byte_map_base: 0x000001ae9f9ad000

Marking Bits (Prev, Next): (CMBitMap*) 0x000001ae8aecea48, (CMBitMap*) 0x000001ae8aecea08
 Prev Bits: [0x000001aea8110000, 0x000001aeac078000)
 Next Bits: [0x000001aea41a0000, 0x000001aea8108000)

Polling page: 0x000001ae88b40000

Metaspace:

Usage:
  Non-class:     11.98 MB capacity,    10.12 MB ( 84%) used,     1.82 MB ( 15%) free+waste,    41.56 KB ( <1%) overhead. 
      Class:      1.57 MB capacity,     1.26 MB ( 81%) used,   290.02 KB ( 18%) free+waste,    19.56 KB (  1%) overhead. 
       Both:     13.55 MB capacity,    11.38 MB ( 84%) used,     2.11 MB ( 16%) free+waste,    61.13 KB ( <1%) overhead. 

Virtual space:
  Non-class space:       12.00 MB reserved,      12.00 MB (100%) committed 
      Class space:        1.00 GB reserved,       1.63 MB ( <1%) committed 
             Both:        1.01 GB reserved,      13.63 MB (  1%) committed 

Chunk freelists:
   Non-Class:  16.00 KB
       Class:  0 bytes
        Both:  16.00 KB

MaxMetaspaceSize: 17179869184.00 GB
CompressedClassSpaceSize: 1.00 GB

CodeHeap 'non-profiled nmethods': size=120000Kb used=858Kb max_used=858Kb free=119141Kb
 bounds [0x000001ae9ae30000, 0x000001ae9b0a0000, 0x000001aea2360000]
CodeHeap 'profiled nmethods': size=120000Kb used=5972Kb max_used=5972Kb free=114028Kb
 bounds [0x000001ae93900000, 0x000001ae93ee0000, 0x000001ae9ae30000]
CodeHeap 'non-nmethods': size=5760Kb used=1184Kb max_used=1227Kb free=4575Kb
 bounds [0x000001ae93360000, 0x000001ae935d0000, 0x000001ae93900000]
 total_blobs=3839 nmethods=2587 adapters=343
 compilation: enabled
              stopped_count=0, restarted_count=0
 full_count=0

Compilation events (20 events):
Event: 1.548 Thread 0x000001aeaedd9800 nmethod 2613 0x000001ae93ecbc90 code [0x000001ae93ecbe20, 0x000001ae93ecbf98]
Event: 1.548 Thread 0x000001aeaedd9800 2614       2       com.sun.tools.javac.code.Scope$WriteableScope::dup (9 bytes)
Event: 1.548 Thread 0x000001aeaedd9800 nmethod 2614 0x000001ae93ecc010 code [0x000001ae93ecc1c0, 0x000001ae93ecc370]
Event: 1.550 Thread 0x000001aeaedd9800 2615       2       java.lang.RuntimeException::<init> (5 bytes)
Event: 1.550 Thread 0x000001aeaedd9800 nmethod 2615 0x000001ae93ecc410 code [0x000001ae93ecc5c0, 0x000001ae93ecc8b0]
Event: 1.550 Thread 0x000001aeaedd9800 2616       2       com.sun.tools.javac.code.Symbol::attribute (45 bytes)
Event: 1.551 Thread 0x000001aeaedd9800 nmethod 2616 0x000001ae93ecc990 code [0x000001ae93eccb80, 0x000001ae93eccfb0]
Event: 1.551 Thread 0x000001aeaedd9800 2617       2       com.sun.tools.javac.code.Symbol$VarSymbol::getKind (89 bytes)
Event: 1.551 Thread 0x000001aeaedd9800 nmethod 2617 0x000001ae93ecd190 code [0x000001ae93ecd340, 0x000001ae93ecd638]
Event: 1.551 Thread 0x000001aeaedd9800 2618       2       com.sun.tools.javac.code.TypeAnnotations$TypeAnnotationPositions::visitVarDef (304 bytes)
Event: 1.553 Thread 0x000001aeaedd9800 nmethod 2618 0x000001ae93ecd710 code [0x000001ae93ecda80, 0x000001ae93ecf020]
Event: 1.553 Thread 0x000001aeaedd9800 2624       2       com.sun.tools.javac.comp.Flow$AssignAnalyzer::checkInit (70 bytes)
Event: 1.554 Thread 0x000001aeaedd9800 nmethod 2624 0x000001ae93ecfa10 code [0x000001ae93ecfc20, 0x000001ae93ed0050]
Event: 1.554 Thread 0x000001aeaedd9800 2626       2       com.sun.tools.javac.comp.Flow$CaptureAnalyzer::checkEffectivelyFinal (128 bytes)
Event: 1.555 Thread 0x000001aeaedd9800 nmethod 2626 0x000001ae93ed0390 code [0x000001ae93ed05a0, 0x000001ae93ed0be0]
Event: 1.555 Thread 0x000001aeaedd9800 2627       2       com.sun.tools.javac.comp.TransTypes::visitApply (254 bytes)
Event: 1.558 Thread 0x000001aeaedd9800 nmethod 2627 0x000001ae93ed0f90 code [0x000001ae93ed1300, 0x000001ae93ed2680]
Event: 1.558 Thread 0x000001aeaedd9800 2632 %     3       com.sun.tools.javac.code.Symbol$ClassSymbol::isSubClass @ 98 (129 bytes)
Event: 1.559 Thread 0x000001aeaedd9800 nmethod 2632% 0x000001ae93ed3090 code [0x000001ae93ed3380, 0x000001ae93ed4a10]
Event: 1.559 Thread 0x000001aeaedd9800 2621       2       com.sun.tools.javac.tree.TreeInfo::flags (95 bytes)

GC Heap History (20 events):
Event: 0.642 GC heap after
{Heap after GC invocations=12 (full 0):
 garbage-first heap   total 15360K, used 5362K [0x0000000702600000, 0x0000000800000000)
  region size 1024K, 1 young (1024K), 1 survivors (1024K)
 Metaspace       used 9104K, capacity 11579K, committed 11648K, reserved 1058816K
  class space    used 1074K, capacity 1381K, committed 1408K, reserved 1048576K
}
Event: 0.652 GC heap before
{Heap before GC invocations=12 (full 0):
 garbage-first heap   total 15360K, used 8434K [0x0000000702600000, 0x0000000800000000)
  region size 1024K, 4 young (4096K), 1 survivors (1024K)
 Metaspace       used 9110K, capacity 11580K, committed 11648K, reserved 1058816K
  class space    used 1074K, capacity 1381K, committed 1408K, reserved 1048576K
}
Event: 0.654 GC heap after
{Heap after GC invocations=13 (full 0):
 garbage-first heap   total 15360K, used 5660K [0x0000000702600000, 0x0000000800000000)
  region size 1024K, 1 young (1024K), 1 survivors (1024K)
 Metaspace       used 9110K, capacity 11580K, committed 11648K, reserved 1058816K
  class space    used 1074K, capacity 1381K, committed 1408K, reserved 1048576K
}
Event: 0.680 GC heap before
{Heap before GC invocations=13 (full 0):
 garbage-first heap   total 15360K, used 8732K [0x0000000702600000, 0x0000000800000000)
  region size 1024K, 4 young (4096K), 1 survivors (1024K)
 Metaspace       used 9246K, capacity 11664K, committed 11904K, reserved 1060864K
  class space    used 1088K, capacity 1388K, committed 1408K, reserved 1048576K
}
Event: 0.682 GC heap after
{Heap after GC invocations=14 (full 0):
 garbage-first heap   total 21504K, used 6139K [0x0000000702600000, 0x0000000800000000)
  region size 1024K, 1 young (1024K), 1 survivors (1024K)
 Metaspace       used 9246K, capacity 11664K, committed 11904K, reserved 1060864K
  class space    used 1088K, capacity 1388K, committed 1408K, reserved 1048576K
}
Event: 0.704 GC heap before
{Heap before GC invocations=14 (full 0):
 garbage-first heap   total 21504K, used 10235K [0x0000000702600000, 0x0000000800000000)
  region size 1024K, 5 young (5120K), 1 survivors (1024K)
 Metaspace       used 9268K, capacity 11664K, committed 11904K, reserved 1060864K
  class space    used 1088K, capacity 1388K, committed 1408K, reserved 1048576K
}
Event: 0.707 GC heap after
{Heap after GC invocations=15 (full 0):
 garbage-first heap   total 21504K, used 6888K [0x0000000702600000, 0x0000000800000000)
  region size 1024K, 1 young (1024K), 1 survivors (1024K)
 Metaspace       used 9268K, capacity 11664K, committed 11904K, reserved 1060864K
  class space    used 1088K, capacity 1388K, committed 1408K, reserved 1048576K
}
Event: 0.730 GC heap before
{Heap before GC invocations=15 (full 0):
 garbage-first heap   total 21504K, used 9960K [0x0000000702600000, 0x0000000800000000)
  region size 1024K, 5 young (5120K), 1 survivors (1024K)
 Metaspace       used 9314K, capacity 11749K, committed 11904K, reserved 1060864K
  class space    used 1094K, capacity 1394K, committed 1408K, reserved 1048576K
}
Event: 0.732 GC heap after
{Heap after GC invocations=16 (full 0):
 garbage-first heap   total 21504K, used 7786K [0x0000000702600000, 0x0000000800000000)
  region size 1024K, 1 young (1024K), 1 survivors (1024K)
 Metaspace       used 9314K, capacity 11749K, committed 11904K, reserved 1060864K
  class space    used 1094K, capacity 1394K, committed 1408K, reserved 1048576K
}
Event: 0.761 GC heap before
{Heap before GC invocations=16 (full 0):
 garbage-first heap   total 21504K, used 10858K [0x0000000702600000, 0x0000000800000000)
  region size 1024K, 5 young (5120K), 1 survivors (1024K)
 Metaspace       used 9390K, capacity 11830K, committed 11904K, reserved 1060864K
  class space    used 1099K, capacity 1400K, committed 1408K, reserved 1048576K
}
Event: 0.765 GC heap after
{Heap after GC invocations=17 (full 0):
 garbage-first heap   total 21504K, used 8817K [0x0000000702600000, 0x0000000800000000)
  region size 1024K, 1 young (1024K), 1 survivors (1024K)
 Metaspace       used 9390K, capacity 11830K, committed 11904K, reserved 1060864K
  class space    used 1099K, capacity 1400K, committed 1408K, reserved 1048576K
}
Event: 0.805 GC heap before
{Heap before GC invocations=17 (full 0):
 garbage-first heap   total 21504K, used 12913K [0x0000000702600000, 0x0000000800000000)
  region size 1024K, 5 young (5120K), 1 survivors (1024K)
 Metaspace       used 9474K, capacity 11910K, committed 12160K, reserved 1060864K
  class space    used 1101K, capacity 1405K, committed 1408K, reserved 1048576K
}
Event: 0.809 GC heap after
{Heap after GC invocations=18 (full 0):
 garbage-first heap   total 41984K, used 9700K [0x0000000702600000, 0x0000000800000000)
  region size 1024K, 1 young (1024K), 1 survivors (1024K)
 Metaspace       used 9474K, capacity 11910K, committed 12160K, reserved 1060864K
  class space    used 1101K, capacity 1405K, committed 1408K, reserved 1048576K
}
Event: 1.005 GC heap before
{Heap before GC invocations=18 (full 0):
 garbage-first heap   total 41984K, used 19940K [0x0000000702600000, 0x0000000800000000)
  region size 1024K, 10 young (10240K), 1 survivors (1024K)
 Metaspace       used 10499K, capacity 12805K, committed 13056K, reserved 1060864K
  class space    used 1210K, capacity 1509K, committed 1536K, reserved 1048576K
}
Event: 1.011 GC heap after
{Heap after GC invocations=19 (full 0):
 garbage-first heap   total 41984K, used 11969K [0x0000000702600000, 0x0000000800000000)
  region size 1024K, 2 young (2048K), 2 survivors (2048K)
 Metaspace       used 10499K, capacity 12805K, committed 13056K, reserved 1060864K
  class space    used 1210K, capacity 1509K, committed 1536K, reserved 1048576K
}
Event: 1.206 GC heap before
{Heap before GC invocations=19 (full 0):
 garbage-first heap   total 41984K, used 23233K [0x0000000702600000, 0x0000000800000000)
  region size 1024K, 13 young (13312K), 2 survivors (2048K)
 Metaspace       used 11345K, capacity 13600K, committed 13696K, reserved 1060864K
  class space    used 1287K, capacity 1601K, committed 1664K, reserved 1048576K
}
Event: 1.213 GC heap after
{Heap after GC invocations=20 (full 0):
 garbage-first heap   total 41984K, used 13447K [0x0000000702600000, 0x0000000800000000)
  region size 1024K, 2 young (2048K), 2 survivors (2048K)
 Metaspace       used 11345K, capacity 13600K, committed 13696K, reserved 1060864K
  class space    used 1287K, capacity 1601K, committed 1664K, reserved 1048576K
}
Event: 1.387 GC heap before
{Heap before GC invocations=20 (full 0):
 garbage-first heap   total 41984K, used 24711K [0x0000000702600000, 0x0000000800000000)
  region size 1024K, 13 young (13312K), 2 survivors (2048K)
 Metaspace       used 11564K, capacity 13806K, committed 13952K, reserved 1060864K
  class space    used 1293K, capacity 1603K, committed 1664K, reserved 1048576K
}
Event: 1.393 GC heap after
{Heap after GC invocations=21 (full 0):
 garbage-first heap   total 41984K, used 14033K [0x0000000702600000, 0x0000000800000000)
  region size 1024K, 1 young (1024K), 1 survivors (1024K)
 Metaspace       used 11564K, capacity 13806K, committed 13952K, reserved 1060864K
  class space    used 1293K, capacity 1603K, committed 1664K, reserved 1048576K
}
Event: 1.559 GC heap before
{Heap before GC invocations=21 (full 0):
 garbage-first heap   total 41984K, used 25297K [0x0000000702600000, 0x0000000800000000)
  region size 1024K, 12 young (12288K), 1 survivors (1024K)
 Metaspace       used 11656K, capacity 13875K, committed 13952K, reserved 1060864K
  class space    used 1293K, capacity 1603K, committed 1664K, reserved 1048576K
}

Deoptimization events (20 events):
Event: 1.261 Thread 0x000001ae8ae62800 DEOPT PACKING pc=0x000001ae9ae81f34 sp=0x0000003f89cfedf0
Event: 1.261 Thread 0x000001ae8ae62800 DEOPT UNPACKING pc=0x000001ae933a912f sp=0x0000003f89cfed30 mode 2
Event: 1.294 Thread 0x000001ae8ae62800 DEOPT PACKING pc=0x000001ae93ccae2c sp=0x0000003f89cfd7c0
Event: 1.294 Thread 0x000001ae8ae62800 DEOPT UNPACKING pc=0x000001ae933a964e sp=0x0000003f89cfcd48 mode 0
Event: 1.300 Thread 0x000001ae8ae62800 Uncommon trap: trap_request=0xffffffc6 fr.pc=0x000001ae9ae81f34 relative=0x0000000000001314
Event: 1.300 Thread 0x000001ae8ae62800 Uncommon trap: reason=bimorphic_or_optimized_type_check action=maybe_recompile pc=0x000001ae9ae81f34 method=java.util.HashMap.putVal(ILjava/lang/Object;Ljava/lang/Object;ZZ)Ljava/lang/Object; @ 56 c2
Event: 1.300 Thread 0x000001ae8ae62800 DEOPT PACKING pc=0x000001ae9ae81f34 sp=0x0000003f89cfedf0
Event: 1.300 Thread 0x000001ae8ae62800 DEOPT UNPACKING pc=0x000001ae933a912f sp=0x0000003f89cfed30 mode 2
Event: 1.301 Thread 0x000001ae8ae62800 Uncommon trap: trap_request=0xffffff45 fr.pc=0x000001ae9aee2ac0 relative=0x00000000000013c0
Event: 1.301 Thread 0x000001ae8ae62800 Uncommon trap: reason=unstable_if action=reinterpret pc=0x000001ae9aee2ac0 method=com.sun.tools.javac.code.Types$15.visitClassType(Lcom/sun/tools/javac/code/Type$ClassType;Ljava/lang/Void;)Lcom/sun/tools/javac/code/Type; @ 43 c2
Event: 1.301 Thread 0x000001ae8ae62800 DEOPT PACKING pc=0x000001ae9aee2ac0 sp=0x0000003f89cfe280
Event: 1.301 Thread 0x000001ae8ae62800 DEOPT UNPACKING pc=0x000001ae933a912f sp=0x0000003f89cfe290 mode 2
Event: 1.473 Thread 0x000001ae8ae62800 Uncommon trap: trap_request=0xffffff45 fr.pc=0x000001ae9af05af8 relative=0x0000000000000df8
Event: 1.473 Thread 0x000001ae8ae62800 Uncommon trap: reason=unstable_if action=reinterpret pc=0x000001ae9af05af8 method=java.util.HashMap.putVal(ILjava/lang/Object;Ljava/lang/Object;ZZ)Ljava/lang/Object; @ 162 c2
Event: 1.473 Thread 0x000001ae8ae62800 DEOPT PACKING pc=0x000001ae9af05af8 sp=0x0000003f89cfd040
Event: 1.473 Thread 0x000001ae8ae62800 DEOPT UNPACKING pc=0x000001ae933a912f sp=0x0000003f89cfcf98 mode 2
Event: 1.493 Thread 0x000001ae8ae62800 Uncommon trap: trap_request=0xffffff45 fr.pc=0x000001ae9aefaf30 relative=0x0000000000006470
Event: 1.493 Thread 0x000001ae8ae62800 Uncommon trap: reason=unstable_if action=reinterpret pc=0x000001ae9aefaf30 method=com.sun.tools.javac.jvm.PoolReader.resolve(Lcom/sun/tools/javac/util/ByteBuffer;II)Ljava/lang/Object; @ 1 c2
Event: 1.493 Thread 0x000001ae8ae62800 DEOPT PACKING pc=0x000001ae9aefaf30 sp=0x0000003f89cfbb00
Event: 1.493 Thread 0x000001ae8ae62800 DEOPT UNPACKING pc=0x000001ae933a912f sp=0x0000003f89cfbb20 mode 2

Classes unloaded (0 events):
No events

Classes redefined (0 events):
No events

Internal exceptions (20 events):
Event: 0.889 Thread 0x000001ae8ae62800 Exception <a 'java/lang/NoSuchMethodError'{0x0000000704b5a9f8}: 'java.lang.Object java.lang.invoke.DirectMethodHandle$Holder.invokeStatic(java.lang.Object, java.lang.Object, int, java.lang.Object)'> (0x0000000704b5a9f8) 
thrown [t:/workspace/open/src/hotspot/share/interpreter/linkResolver.cpp, line 767]
Event: 0.890 Thread 0x000001ae8ae62800 Exception <a 'java/lang/NoSuchMethodError'{0x0000000704b611c8}: 'java.lang.Object java.lang.invoke.Invokers$Holder.linkToTargetMethod(java.lang.Object, int, java.lang.Object, java.lang.Object)'> (0x0000000704b611c8) 
thrown [t:/workspace/open/src/hotspot/share/interpreter/linkResolver.cpp, line 767]
Event: 0.984 Thread 0x000001ae8ae62800 Exception <a 'java/lang/NoSuchMethodError'{0x00000007046478a8}: 'void java.lang.invoke.DirectMethodHandle$Holder.invokeVirtual(java.lang.Object, java.lang.Object)'> (0x00000007046478a8) 
thrown [t:/workspace/open/src/hotspot/share/interpreter/linkResolver.cpp, line 767]
Event: 1.115 Thread 0x000001ae8ae62800 Exception <a 'sun/nio/fs/WindowsException'{0x000000070495b1f8}> (0x000000070495b1f8) 
thrown [t:/workspace/open/src/hotspot/share/prims/jni.cpp, line 598]
Event: 1.120 Thread 0x000001ae8ae62800 Exception <a 'sun/nio/fs/WindowsException'{0x000000070495f838}> (0x000000070495f838) 
thrown [t:/workspace/open/src/hotspot/share/prims/jni.cpp, line 598]
Event: 1.124 Thread 0x000001ae8ae62800 Exception <a 'sun/nio/fs/WindowsException'{0x0000000704962f90}> (0x0000000704962f90) 
thrown [t:/workspace/open/src/hotspot/share/prims/jni.cpp, line 598]
Event: 1.129 Thread 0x000001ae8ae62800 Exception <a 'sun/nio/fs/WindowsException'{0x00000007049696f0}> (0x00000007049696f0) 
thrown [t:/workspace/open/src/hotspot/share/prims/jni.cpp, line 598]
Event: 1.145 Thread 0x000001ae8ae62800 Exception <a 'sun/nio/fs/WindowsException'{0x000000070499f588}> (0x000000070499f588) 
thrown [t:/workspace/open/src/hotspot/share/prims/jni.cpp, line 598]
Event: 1.216 Thread 0x000001ae8ae62800 Exception <a 'sun/nio/fs/WindowsException'{0x0000000704e2e6a0}> (0x0000000704e2e6a0) 
thrown [t:/workspace/open/src/hotspot/share/prims/jni.cpp, line 598]
Event: 1.225 Thread 0x000001ae8ae62800 Exception <a 'sun/nio/fs/WindowsException'{0x0000000704e434e0}> (0x0000000704e434e0) 
thrown [t:/workspace/open/src/hotspot/share/prims/jni.cpp, line 598]
Event: 1.267 Thread 0x000001ae8ae62800 Exception <a 'sun/nio/fs/WindowsException'{0x0000000704ceaba8}> (0x0000000704ceaba8) 
thrown [t:/workspace/open/src/hotspot/share/prims/jni.cpp, line 598]
Event: 1.274 Thread 0x000001ae8ae62800 Exception <a 'sun/nio/fs/WindowsException'{0x0000000704b03418}> (0x0000000704b03418) 
thrown [t:/workspace/open/src/hotspot/share/prims/jni.cpp, line 598]
Event: 1.320 Thread 0x000001ae8ae62800 Exception <a 'sun/nio/fs/WindowsException'{0x0000000704861a80}> (0x0000000704861a80) 
thrown [t:/workspace/open/src/hotspot/share/prims/jni.cpp, line 598]
Event: 1.320 Thread 0x000001ae8ae62800 Exception <a 'sun/nio/fs/WindowsException'{0x0000000704861f08}> (0x0000000704861f08) 
thrown [t:/workspace/open/src/hotspot/share/prims/jni.cpp, line 598]
Event: 1.397 Thread 0x000001ae8ae62800 Exception <a 'sun/nio/fs/WindowsException'{0x0000000704e324a0}> (0x0000000704e324a0) 
thrown [t:/workspace/open/src/hotspot/share/prims/jni.cpp, line 598]
Event: 1.400 Thread 0x000001ae8ae62800 Exception <a 'sun/nio/fs/WindowsException'{0x0000000704e35c00}> (0x0000000704e35c00) 
thrown [t:/workspace/open/src/hotspot/share/prims/jni.cpp, line 598]
Event: 1.403 Thread 0x000001ae8ae62800 Exception <a 'sun/nio/fs/WindowsException'{0x0000000704e39580}> (0x0000000704e39580) 
thrown [t:/workspace/open/src/hotspot/share/prims/jni.cpp, line 598]
Event: 1.406 Thread 0x000001ae8ae62800 Exception <a 'sun/nio/fs/WindowsException'{0x0000000704e3ca20}> (0x0000000704e3ca20) 
thrown [t:/workspace/open/src/hotspot/share/prims/jni.cpp, line 598]
Event: 1.414 Thread 0x000001ae8ae62800 Exception <a 'sun/nio/fs/WindowsException'{0x0000000704e5c118}> (0x0000000704e5c118) 
thrown [t:/workspace/open/src/hotspot/share/prims/jni.cpp, line 598]
Event: 1.433 Thread 0x000001ae8ae62800 Exception <a 'sun/nio/fs/WindowsException'{0x0000000704e69438}> (0x0000000704e69438) 
thrown [t:/workspace/open/src/hotspot/share/prims/jni.cpp, line 598]

Events (20 events):
Event: 1.164 loading class com/sun/tools/javac/tree/JCTree$JCParens done
Event: 1.205 Executing VM operation: G1CollectForAllocation
Event: 1.213 Executing VM operation: G1CollectForAllocation done
Event: 1.241 loading class com/sun/tools/javac/comp/Attr
Event: 1.241 loading class com/sun/tools/javac/comp/Attr done
Event: 1.241 loading class com/sun/tools/javac/tree/JCTree$JCCase
Event: 1.241 loading class com/sun/tools/javac/tree/JCTree$JCCase done
Event: 1.241 loading class com/sun/tools/javac/tree/JCTree$JCCase
Event: 1.241 loading class com/sun/tools/javac/tree/JCTree$JCCase done
Event: 1.294 Executing VM operation: Deoptimize
Event: 1.294 Executing VM operation: Deoptimize done
Event: 1.312 loading class com/sun/tools/javac/code/Types
Event: 1.312 loading class com/sun/tools/javac/code/Types done
Event: 1.312 loading class com/sun/tools/javac/code/Types
Event: 1.312 loading class com/sun/tools/javac/code/Types done
Event: 1.312 loading class com/sun/tools/javac/jvm/PoolConstant$LoadableConstant
Event: 1.312 loading class com/sun/tools/javac/jvm/PoolConstant$LoadableConstant done
Event: 1.387 Executing VM operation: G1CollectForAllocation
Event: 1.393 Executing VM operation: G1CollectForAllocation done
Event: 1.559 Executing VM operation: G1CollectForAllocation


Dynamic libraries:
0x00007ff69f030000 - 0x00007ff69f037000 	C:\Program Files\Java\jdk-13.0.2\bin\javac.exe
0x00007ffab2d80000 - 0x00007ffab2f70000 	C:\WINDOWS\SYSTEM32\ntdll.dll
0x00007ffab2140000 - 0x00007ffab21f2000 	C:\WINDOWS\System32\KERNEL32.DLL
0x00007ffaaffd0000 - 0x00007ffab0273000 	C:\WINDOWS\System32\KERNELBASE.dll
0x00007ffaafed0000 - 0x00007ffaaffca000 	C:\WINDOWS\System32\ucrtbase.dll
0x00007ffaabf50000 - 0x00007ffaabf65000 	C:\Program Files\Java\jdk-13.0.2\bin\VCRUNTIME140.dll
0x00007ffaa9890000 - 0x00007ffaa98a8000 	C:\Program Files\Java\jdk-13.0.2\bin\jli.dll
0x00007ffab2450000 - 0x00007ffab24f3000 	C:\WINDOWS\System32\ADVAPI32.dll
0x00007ffab2760000 - 0x00007ffab27fe000 	C:\WINDOWS\System32\msvcrt.dll
0x00007ffab25d0000 - 0x00007ffab2667000 	C:\WINDOWS\System32\sechost.dll
0x00007ffab1de0000 - 0x00007ffab1f00000 	C:\WINDOWS\System32\RPCRT4.dll
0x00007ffab1ae0000 - 0x00007ffab1c74000 	C:\WINDOWS\System32\USER32.dll
0x00007ffaa0a50000 - 0x00007ffaa0cd5000 	C:\WINDOWS\WinSxS\amd64_microsoft.windows.common-controls_6595b64144ccf1df_6.0.18362.778_none_e6c6b761130d4fb8\COMCTL32.dll
0x00007ffab0aa0000 - 0x00007ffab0ac1000 	C:\WINDOWS\System32\win32u.dll
0x00007ffab1690000 - 0x00007ffab19c6000 	C:\WINDOWS\System32\combase.dll
0x00007ffab2420000 - 0x00007ffab2446000 	C:\WINDOWS\System32\GDI32.dll
0x00007ffab0c90000 - 0x00007ffab0e24000 	C:\WINDOWS\System32\gdi32full.dll
0x00007ffaafdf0000 - 0x00007ffaafe70000 	C:\WINDOWS\System32\bcryptPrimitives.dll
0x00007ffab0280000 - 0x00007ffab031e000 	C:\WINDOWS\System32\msvcp_win.dll
0x00007ffaa9470000 - 0x00007ffaa947a000 	C:\WINDOWS\SYSTEM32\VERSION.dll
0x00007ffab1660000 - 0x00007ffab168e000 	C:\WINDOWS\System32\IMM32.DLL
0x00007ffa95c10000 - 0x00007ffa95cab000 	C:\Program Files\Java\jdk-13.0.2\bin\msvcp140.dll
0x00007ffa5d7e0000 - 0x00007ffa5e33d000 	C:\Program Files\Java\jdk-13.0.2\bin\server\jvm.dll
0x00007ffab1f00000 - 0x00007ffab1f08000 	C:\WINDOWS\System32\PSAPI.DLL
0x00007ffaabf70000 - 0x00007ffaabf79000 	C:\WINDOWS\SYSTEM32\WSOCK32.dll
0x00007ffaa2360000 - 0x00007ffaa2384000 	C:\WINDOWS\SYSTEM32\WINMM.dll
0x00007ffab2670000 - 0x00007ffab26df000 	C:\WINDOWS\System32\WS2_32.dll
0x00007ffaa3400000 - 0x00007ffaa342d000 	C:\WINDOWS\SYSTEM32\WINMMBASE.dll
0x00007ffab0c40000 - 0x00007ffab0c8a000 	C:\WINDOWS\System32\cfgmgr32.dll
0x00007ffaafda0000 - 0x00007ffaafdb1000 	C:\WINDOWS\System32\kernel.appcore.dll
0x00007ffaabc20000 - 0x00007ffaabc30000 	C:\Program Files\Java\jdk-13.0.2\bin\verify.dll
0x00007ffaa7c00000 - 0x00007ffaa7df4000 	C:\WINDOWS\SYSTEM32\DBGHELP.DLL
0x00007ffaa7e30000 - 0x00007ffaa7e5a000 	C:\WINDOWS\SYSTEM32\dbgcore.DLL
0x00007ffaa47a0000 - 0x00007ffaa47c6000 	C:\Program Files\Java\jdk-13.0.2\bin\java.dll
0x00007ffaa9db0000 - 0x00007ffaa9dc7000 	C:\Program Files\Java\jdk-13.0.2\bin\zip.dll
0x00007ffaabc10000 - 0x00007ffaabc1a000 	C:\Program Files\Java\jdk-13.0.2\bin\jimage.dll
0x00007ffab0f10000 - 0x00007ffab15f5000 	C:\WINDOWS\System32\SHELL32.dll
0x00007ffab2820000 - 0x00007ffab28c9000 	C:\WINDOWS\System32\shcore.dll
0x00007ffab0320000 - 0x00007ffab0aa0000 	C:\WINDOWS\System32\windows.storage.dll
0x00007ffaafdc0000 - 0x00007ffaafde3000 	C:\WINDOWS\System32\profapi.dll
0x00007ffaafd30000 - 0x00007ffaafd7a000 	C:\WINDOWS\System32\powrprof.dll
0x00007ffaafd20000 - 0x00007ffaafd30000 	C:\WINDOWS\System32\UMPDC.dll
0x00007ffab1600000 - 0x00007ffab1652000 	C:\WINDOWS\System32\shlwapi.dll
0x00007ffab0ad0000 - 0x00007ffab0ae7000 	C:\WINDOWS\System32\cryptsp.dll
0x00007ffaabbc0000 - 0x00007ffaabbd9000 	C:\Program Files\Java\jdk-13.0.2\bin\net.dll
0x00007ffaaad80000 - 0x00007ffaaae70000 	C:\WINDOWS\SYSTEM32\WINHTTP.dll
0x00007ffaaf590000 - 0x00007ffaaf5f7000 	C:\WINDOWS\system32\mswsock.dll
0x00007ffaa9d50000 - 0x00007ffaa9d63000 	C:\Program Files\Java\jdk-13.0.2\bin\nio.dll

dbghelp: loaded successfully - version: 4.0.5 - missing functions: none
symbol engine: initialized successfully - sym options: 0x614 - pdb path: .;C:\Program Files\Java\jdk-13.0.2\bin;C:\WINDOWS\SYSTEM32;C:\WINDOWS\WinSxS\amd64_microsoft.windows.common-controls_6595b64144ccf1df_6.0.18362.778_none_e6c6b761130d4fb8;C:\Program Files\Java\jdk-13.0.2\bin\server

VM Arguments:
jvm_args: -Dapplication.home=C:\Program Files\Java\jdk-13.0.2 --add-modules=ALL-DEFAULT -Xms8m -Djdk.module.main=jdk.compiler 
java_command: jdk.compiler/com.sun.tools.javac.Main -d A:\Users\Oreo\NetBeansProjects\HorodateurJava1\build\classes -classpath A:\Users\Oreo\NetBeansProjects\HorodateurJava1\build\classes;A:\Users\Oreo\NetBeansProjects\HorodateurJava1\commons-lang3-3.9.jar;A:\Users\Oreo\NetBeansProjects\HorodateurJava1\sqlite-jdbc-3.30.1.jar -sourcepath A:\Users\Oreo\NetBeansProjects\HorodateurJava1\build\empty -target 13 -encoding UTF-8 -g -processorpath A:\Users\Oreo\NetBeansProjects\HorodateurJava1\commons-lang3-3.9.jar;A:\Users\Oreo\NetBeansProjects\HorodateurJava1\sqlite-jdbc-3.30.1.jar;A:\Users\Oreo\NetBeansProjects\HorodateurJava1\build\empty -s A:\Users\Oreo\NetBeansProjects\HorodateurJava1\build\generated-sources\ap-source-output -source 13 A:\Users\Oreo\NetBeansProjects\HorodateurJava1\src\AddEmployee_Frame.java A:\Users\Oreo\NetBeansProjects\HorodateurJava1\src\AdminLogin_Panel.java A:\Users\Oreo\NetBeansProjects\HorodateurJava1\src\AdminMenu_Frame.java A:\Users\Oreo\NetBeansProjects\HorodateurJava1\src\DataBaseAccess\myDBAccess.java A:\Users\Oreo\NetBeansProjects\HorodateurJava1\src\Frame\AddEmployeeFrame.java A:\Users\Oreo\NetBeansProjects\HorodateurJava1\src\Main.java A:\Users\Oreo\NetBeansProjects\HorodateurJava1\src\Mainframe.java
java_class_path (initial): <not set>
Launcher Type: SUN_STANDARD

[Global flags]
     intx CICompilerCount                          = 4                                         {product} {ergonomic}
     uint ConcGCThreads                            = 3                                         {product} {ergonomic}
     uint G1ConcRefinementThreads                  = 10                                        {product} {ergonomic}
   size_t G1HeapRegionSize                         = 1048576                                   {product} {ergonomic}
    uintx GCDrainStackTargetSize                   = 64                                        {product} {ergonomic}
   size_t InitialHeapSize                          = 8388608                                   {product} {command line}
   size_t MarkStackSize                            = 4194304                                   {product} {ergonomic}
   size_t MaxHeapSize                              = 4255121408                                {product} {ergonomic}
   size_t MaxNewSize                               = 2552233984                                {product} {ergonomic}
   size_t MinHeapDeltaBytes                        = 1048576                                   {product} {ergonomic}
   size_t MinHeapSize                              = 8388608                                   {product} {command line}
    uintx NonNMethodCodeHeapSize                   = 5839372                                {pd product} {ergonomic}
    uintx NonProfiledCodeHeapSize                  = 122909434                              {pd product} {ergonomic}
    uintx ProfiledCodeHeapSize                     = 122909434                              {pd product} {ergonomic}
    uintx ReservedCodeCacheSize                    = 251658240                              {pd product} {ergonomic}
     bool SegmentedCodeCache                       = true                                      {product} {ergonomic}
   size_t SoftMaxHeapSize                          = 4255121408                             {manageable} {ergonomic}
     bool UseCompressedClassPointers               = true                                 {lp64_product} {ergonomic}
     bool UseCompressedOops                        = true                                 {lp64_product} {ergonomic}
     bool UseG1GC                                  = true                                      {product} {ergonomic}
     bool UseLargePagesIndividualAllocation        = false                                  {pd product} {ergonomic}

Logging:
Log output configuration:
 #0: stdout all=warning uptime,level,tags
 #1: stderr all=off uptime,level,tags

Environment Variables:
PATH=C:\Program Files (x86)\Common Files\Oracle\Java\javapath;C:\ProgramData\Oracle\Java\javapath;C:\Windows\system32;C:\Windows;C:\Windows\System32\Wbem;C:\Windows\System32\WindowsPowerShell\v1.0\;C:\Program Files (x86)\NVIDIA Corporation\PhysX\Common;C:\WINDOWS\system32;C:\WINDOWS;C:\WINDOWS\System32\Wbem;C:\WINDOWS\System32\WindowsPowerShell\v1.0\;C:\WINDOWS\System32\OpenSSH\;A:\Program Files (x86)\Perforce\;A:\Program Files (x86)\Git\cmd;C:\Program Files\Common Files\Autodesk Shared\;C:\Program Files\Microsoft SQL Server\120\Tools\Binn\;C:\Program Files\dotnet\;C:\Users\Oreo\AppData\Local\Microsoft\WindowsApps;A:\Program Files (x86)\Microsoft VS Code\bin
USERNAME=Oreo
OS=Windows_NT
PROCESSOR_IDENTIFIER=Intel64 Family 6 Model 158 Stepping 10, GenuineIntel



---------------  S Y S T E M  ---------------

OS: Windows 10 , 64 bit Build 18362 (10.0.18362.778)

CPU:total 12 (initial active 12) (6 cores per cpu, 2 threads per core) family 6 model 158 stepping 10, cmov, cx8, fxsr, mmx, sse, sse2, sse3, ssse3, sse4.1, sse4.2, popcnt, avx, avx2, aes, clmul, erms, 3dnowpref, lzcnt, ht, tsc, tscinvbit, bmi1, bmi2, adx, fma

Memory: 4k page, system-wide physical 16230M (7088M free)
TotalPageFile size 31342M (AvailPageFile size 10M)
current process WorkingSet (physical memory assigned to process): 145M, peak: 148M
current process commit charge ("private bytes"): 194M, peak: 235M

vm_info: Java HotSpot(TM) 64-Bit Server VM (13.0.2+8) for windows-amd64 JRE (13.0.2+8), built on Dec 11 2019 09:20:33 by "mach5one" with unknown MS VC++:1916

END.
