#
# There is insufficient memory for the Java Runtime Environment to continue.
# Native memory allocation (malloc) failed to allocate 392976 bytes for Chunk::new
# Possible reasons:
#   The system is out of physical RAM or swap space
#   The process is running with CompressedOops enabled, and the Java Heap may be blocking the growth of the native heap
# Possible solutions:
#   Reduce memory load on the system
#   Increase physical memory or swap space
#   Check if swap backing store is full
#   Decrease Java heap size (-Xmx/-Xms)
#   Decrease number of Java threads
#   Decrease Java thread stack sizes (-Xss)
#   Set larger code cache with -XX:ReservedCodeCacheSize=
#   JVM is running with Zero Based Compressed Oops mode in which the Java heap is
#     placed in the first 32GB address space. The Java Heap base address is the
#     maximum limit for the native heap growth. Please use -XX:HeapBaseMinAddress
#     to set the Java Heap base and to place the Java Heap above 32GB virtual address.
# This output file may be truncated or incomplete.
#
#  Out of Memory Error (t:/workspace/open/src/hotspot/share/memory/arena.cpp:196), pid=11004, tid=16788
#
# JRE version: Java(TM) SE Runtime Environment (13.0.2+8) (build 13.0.2+8)
# Java VM: Java HotSpot(TM) 64-Bit Server VM (13.0.2+8, mixed mode, sharing, tiered, compressed oops, g1 gc, windows-amd64)
# No core dump will be written. Minidumps are not enabled by default on client versions of Windows
#

---------------  S U M M A R Y ------------

Command Line: -Dapplication.home=C:\Program Files\Java\jdk-13.0.2 --add-modules=ALL-DEFAULT -Xms8m -Djdk.module.main=jdk.compiler jdk.compiler/com.sun.tools.javac.Main -d A:\Users\Oreo\NetBeansProjects\HorodateurJava1\build\classes -classpath A:\Users\Oreo\NetBeansProjects\HorodateurJava1\build\classes;A:\Users\Oreo\NetBeansProjects\HorodateurJava1\commons-lang3-3.9.jar;A:\Users\Oreo\NetBeansProjects\HorodateurJava1\sqlite-jdbc-3.30.1.jar -sourcepath A:\Users\Oreo\NetBeansProjects\HorodateurJava1\build\empty -target 13 -encoding UTF-8 -g -processorpath A:\Users\Oreo\NetBeansProjects\HorodateurJava1\commons-lang3-3.9.jar;A:\Users\Oreo\NetBeansProjects\HorodateurJava1\sqlite-jdbc-3.30.1.jar;A:\Users\Oreo\NetBeansProjects\HorodateurJava1\build\empty -s A:\Users\Oreo\NetBeansProjects\HorodateurJava1\build\generated-sources\ap-source-output -source 13 A:\Users\Oreo\NetBeansProjects\HorodateurJava1\src\Frame\AddEmployeeFrame.java

Host: Intel(R) Core(TM) i7-8750H CPU @ 2.20GHz, 12 cores, 15G,  Windows 10 , 64 bit Build 18362 (10.0.18362.778)
Time: Thu Apr 16 01:15:22 2020 Eastern Daylight Time elapsed time: 0 seconds (0d 0h 0m 0s)

---------------  T H R E A D  ---------------

Current thread (0x0000022f0d984000):  JavaThread "C2 CompilerThread2" daemon [_thread_in_native, id=16788, stack(0x00000036f9500000,0x00000036f9600000)]


Current CompileTask:
C2:    979 1697       4       com.sun.tools.javac.code.Types$15::visitClassType (10 bytes)

Stack: [0x00000036f9500000,0x00000036f9600000]
Native frames: (J=compiled Java code, j=interpreted, Vv=VM code, C=native code)
V  [jvm.dll+0x624f9a]
V  [jvm.dll+0x770cfa]
V  [jvm.dll+0x7724af]
V  [jvm.dll+0x772ab3]
V  [jvm.dll+0x24bf08]
V  [jvm.dll+0xc1e47]
V  [jvm.dll+0xc23cc]
V  [jvm.dll+0x35c0c5]
V  [jvm.dll+0x19f2f0]
V  [jvm.dll+0x205d36]
V  [jvm.dll+0x204e3f]
V  [jvm.dll+0x189c2c]
V  [jvm.dll+0x213e6d]
V  [jvm.dll+0x2120bb]
V  [jvm.dll+0x736bb6]
V  [jvm.dll+0x72fcaa]
V  [jvm.dll+0x623ea6]
C  [ucrtbase.dll+0x20e72]
C  [KERNEL32.DLL+0x17bd4]
C  [ntdll.dll+0x6ce51]


---------------  P R O C E S S  ---------------

Threads class SMR info:
_java_thread_list=0x0000022f0d9704a0, length=12, elements={
0x0000022f687ff000, 0x0000022f0c831800, 0x0000022f0c837000, 0x0000022f0c84c000,
0x0000022f0c84f000, 0x0000022f0c850800, 0x0000022f0c856000, 0x0000022f0c861800,
0x0000022f0d275000, 0x0000022f0d286800, 0x0000022f0d2e2800, 0x0000022f0d984000
}

Java Threads: ( => current thread )
  0x0000022f687ff000 JavaThread "main" [_thread_in_native, id=12084, stack(0x00000036f8000000,0x00000036f8100000)]
  0x0000022f0c831800 JavaThread "Reference Handler" daemon [_thread_blocked, id=11160, stack(0x00000036f8700000,0x00000036f8800000)]
  0x0000022f0c837000 JavaThread "Finalizer" daemon [_thread_blocked, id=2816, stack(0x00000036f8800000,0x00000036f8900000)]
  0x0000022f0c84c000 JavaThread "Signal Dispatcher" daemon [_thread_blocked, id=9340, stack(0x00000036f8900000,0x00000036f8a00000)]
  0x0000022f0c84f000 JavaThread "Attach Listener" daemon [_thread_blocked, id=16668, stack(0x00000036f8a00000,0x00000036f8b00000)]
  0x0000022f0c850800 JavaThread "C2 CompilerThread0" daemon [_thread_in_native, id=2724, stack(0x00000036f8b00000,0x00000036f8c00000)]
  0x0000022f0c856000 JavaThread "C1 CompilerThread0" daemon [_thread_in_native, id=7264, stack(0x00000036f8c00000,0x00000036f8d00000)]
  0x0000022f0c861800 JavaThread "Sweeper thread" daemon [_thread_blocked, id=1832, stack(0x00000036f8d00000,0x00000036f8e00000)]
  0x0000022f0d275000 JavaThread "Common-Cleaner" daemon [_thread_blocked, id=16184, stack(0x00000036f8e00000,0x00000036f8f00000)]
  0x0000022f0d286800 JavaThread "C2 CompilerThread1" daemon [_thread_in_native, id=4092, stack(0x00000036f8f00000,0x00000036f9000000)]
  0x0000022f0d2e2800 JavaThread "Service Thread" daemon [_thread_blocked, id=16776, stack(0x00000036f9000000,0x00000036f9100000)]
=>0x0000022f0d984000 JavaThread "C2 CompilerThread2" daemon [_thread_in_native, id=16788, stack(0x00000036f9500000,0x00000036f9600000)]

Other Threads:
  0x0000022f0c82d800 VMThread "VM Thread" [stack: 0x00000036f8600000,0x00000036f8700000] [id=16488]
  0x0000022f0d2f8000 WatcherThread [stack: 0x00000036f9100000,0x00000036f9200000] [id=3408]
  0x0000022f6886a800 GCTaskThread "GC Thread#0" [stack: 0x00000036f8100000,0x00000036f8200000] [id=8620]
  0x0000022f0d483800 GCTaskThread "GC Thread#1" [stack: 0x00000036f9200000,0x00000036f9300000] [id=14168]
  0x0000022f6888c000 ConcurrentGCThread "G1 Main Marker" [stack: 0x00000036f8200000,0x00000036f8300000] [id=9504]
  0x0000022f6888d800 ConcurrentGCThread "G1 Conc#0" [stack: 0x00000036f8300000,0x00000036f8400000] [id=14132]
  0x0000022f0da5a000 ConcurrentGCThread "G1 Conc#1" [stack: 0x00000036f9300000,0x00000036f9400000] [id=16600]
  0x0000022f0da5b000 ConcurrentGCThread "G1 Conc#2" [stack: 0x00000036f9400000,0x00000036f9500000] [id=3036]
  0x0000022f688c3000 ConcurrentGCThread "G1 Refine#0" [stack: 0x00000036f8400000,0x00000036f8500000] [id=4904]
  0x0000022f688c5000 ConcurrentGCThread "G1 Young RemSet Sampling" [stack: 0x00000036f8500000,0x00000036f8600000] [id=13268]

Threads with active compile tasks:
C2 CompilerThread0     1001 1563       4       com.sun.tools.javac.jvm.PoolReader::resolve (341 bytes)
C1 CompilerThread0     1001 1953       2       com.sun.tools.javac.jvm.PoolWriter$WriteablePoolHelper::writeIfNeeded (121 bytes)
C2 CompilerThread1     1001 1348   !   4       com.sun.tools.javac.jvm.ClassReader::classSigToType (497 bytes)
C2 CompilerThread2     1001 1697       4       com.sun.tools.javac.code.Types$15::visitClassType (10 bytes)

VM state:not at safepoint (normal execution)

VM Mutex/Monitor currently owned by a thread: None

Heap address: 0x0000000702600000, size: 4058 MB, Compressed Oops mode: Zero based, Oop shift amount: 3
Narrow klass base: 0x0000000800000000, Narrow klass shift: 3
Compressed class space size: 1073741824 Address: 0x0000000800b40000

Heap:
 garbage-first heap   total 38912K, used 14129K [0x0000000702600000, 0x0000000800000000)
  region size 1024K, 6 young (6144K), 2 survivors (2048K)
 Metaspace       used 10641K, capacity 13242K, committed 13440K, reserved 1060864K
  class space    used 1241K, capacity 1588K, committed 1664K, reserved 1048576K
Heap Regions: E=young(eden), S=young(survivor), O=old, HS=humongous(starts), HC=humongous(continues), CS=collection set, F=free, A=archive, TAMS=top-at-mark-start (previous, next)
|   0|0x0000000702600000, 0x0000000702700000, 0x0000000702700000|100%| O|  |TAMS 0x0000000702700000, 0x0000000702600000| Untracked 
|   1|0x0000000702700000, 0x0000000702800000, 0x0000000702800000|100%| O|  |TAMS 0x0000000702800000, 0x0000000702700000| Untracked 
|   2|0x0000000702800000, 0x0000000702900000, 0x0000000702900000|100%| O|  |TAMS 0x0000000702900000, 0x0000000702800000| Untracked 
|   3|0x0000000702900000, 0x0000000702a00000, 0x0000000702a00000|100%| O|  |TAMS 0x0000000702a00000, 0x0000000702900000| Untracked 
|   4|0x0000000702a00000, 0x0000000702b00000, 0x0000000702b00000|100%| O|  |TAMS 0x0000000702a1ae00, 0x0000000702a00000| Untracked 
|   5|0x0000000702b00000, 0x0000000702c00000, 0x0000000702c00000|100%| O|  |TAMS 0x0000000702b00000, 0x0000000702b00000| Untracked 
|   6|0x0000000702c00000, 0x0000000702d00000, 0x0000000702d00000|100%| O|  |TAMS 0x0000000702c00000, 0x0000000702c00000| Untracked 
|   7|0x0000000702d00000, 0x0000000702dcc600, 0x0000000702e00000| 79%| O|  |TAMS 0x0000000702d00000, 0x0000000702d00000| Untracked 
|   8|0x0000000702e00000, 0x0000000702f00000, 0x0000000702f00000|100%|HS|  |TAMS 0x0000000702e00000, 0x0000000702e00000| Complete 
|   9|0x0000000702f00000, 0x0000000702f00000, 0x0000000703000000|  0%| F|  |TAMS 0x0000000702f00000, 0x0000000702f00000| Untracked 
|  10|0x0000000703000000, 0x0000000703000000, 0x0000000703100000|  0%| F|  |TAMS 0x0000000703000000, 0x0000000703000000| Untracked 
|  11|0x0000000703100000, 0x0000000703100000, 0x0000000703200000|  0%| F|  |TAMS 0x0000000703100000, 0x0000000703100000| Untracked 
|  12|0x0000000703200000, 0x0000000703200000, 0x0000000703300000|  0%| F|  |TAMS 0x0000000703200000, 0x0000000703200000| Untracked 
|  13|0x0000000703300000, 0x0000000703300000, 0x0000000703400000|  0%| F|  |TAMS 0x0000000703300000, 0x0000000703300000| Untracked 
|  14|0x0000000703400000, 0x0000000703400000, 0x0000000703500000|  0%| F|  |TAMS 0x0000000703400000, 0x0000000703400000| Untracked 
|  15|0x0000000703500000, 0x0000000703500000, 0x0000000703600000|  0%| F|  |TAMS 0x0000000703500000, 0x0000000703500000| Untracked 
|  16|0x0000000703600000, 0x0000000703600000, 0x0000000703700000|  0%| F|  |TAMS 0x0000000703600000, 0x0000000703600000| Untracked 
|  17|0x0000000703700000, 0x0000000703700000, 0x0000000703800000|  0%| F|  |TAMS 0x0000000703700000, 0x0000000703700000| Untracked 
|  18|0x0000000703800000, 0x0000000703800000, 0x0000000703900000|  0%| F|  |TAMS 0x0000000703800000, 0x0000000703800000| Untracked 
|  19|0x0000000703900000, 0x0000000703900000, 0x0000000703a00000|  0%| F|  |TAMS 0x0000000703900000, 0x0000000703900000| Untracked 
|  20|0x0000000703a00000, 0x0000000703a00000, 0x0000000703b00000|  0%| F|  |TAMS 0x0000000703a00000, 0x0000000703a00000| Untracked 
|  21|0x0000000703b00000, 0x0000000703b00000, 0x0000000703c00000|  0%| F|  |TAMS 0x0000000703b00000, 0x0000000703b00000| Untracked 
|  22|0x0000000703c00000, 0x0000000703c00000, 0x0000000703d00000|  0%| F|  |TAMS 0x0000000703c00000, 0x0000000703c00000| Untracked 
|  23|0x0000000703d00000, 0x0000000703d00000, 0x0000000703e00000|  0%| F|  |TAMS 0x0000000703d00000, 0x0000000703d00000| Untracked 
|  24|0x0000000703e00000, 0x0000000703e00000, 0x0000000703f00000|  0%| F|  |TAMS 0x0000000703e00000, 0x0000000703e00000| Untracked 
|  25|0x0000000703f00000, 0x0000000703f00000, 0x0000000704000000|  0%| F|  |TAMS 0x0000000703f00000, 0x0000000703f00000| Untracked 
|  26|0x0000000704000000, 0x0000000704000000, 0x0000000704100000|  0%| F|  |TAMS 0x0000000704000000, 0x0000000704000000| Untracked 
|  27|0x0000000704100000, 0x0000000704200000, 0x0000000704200000|100%| S|CS|TAMS 0x0000000704100000, 0x0000000704100000| Complete 
|  28|0x0000000704200000, 0x0000000704300000, 0x0000000704300000|100%| S|CS|TAMS 0x0000000704200000, 0x0000000704200000| Complete 
|  29|0x0000000704300000, 0x0000000704300000, 0x0000000704400000|  0%| F|  |TAMS 0x0000000704300000, 0x0000000704300000| Untracked 
|  30|0x0000000704400000, 0x0000000704400000, 0x0000000704500000|  0%| F|  |TAMS 0x0000000704400000, 0x0000000704400000| Untracked 
|  31|0x0000000704500000, 0x0000000704500000, 0x0000000704600000|  0%| F|  |TAMS 0x0000000704500000, 0x0000000704500000| Untracked 
|  32|0x0000000704600000, 0x0000000704600000, 0x0000000704700000|  0%| F|  |TAMS 0x0000000704600000, 0x0000000704600000| Untracked 
|  33|0x0000000704700000, 0x0000000704700000, 0x0000000704800000|  0%| F|  |TAMS 0x0000000704700000, 0x0000000704700000| Untracked 
|  34|0x0000000704800000, 0x00000007048fe258, 0x0000000704900000| 99%| E|  |TAMS 0x0000000704800000, 0x0000000704800000| Complete 
|  35|0x0000000704900000, 0x0000000704a00000, 0x0000000704a00000|100%| E|CS|TAMS 0x0000000704900000, 0x0000000704900000| Complete 
|  36|0x0000000704a00000, 0x0000000704b00000, 0x0000000704b00000|100%| E|CS|TAMS 0x0000000704a00000, 0x0000000704a00000| Complete 
|  37|0x0000000704b00000, 0x0000000704c00000, 0x0000000704c00000|100%| E|CS|TAMS 0x0000000704b00000, 0x0000000704b00000| Complete 

Card table byte_map: [0x0000022f00c30000,0x0000022f01420000] _byte_map_base: 0x0000022efd41d000

Marking Bits (Prev, Next): (CMBitMap*) 0x0000022f6886b578, (CMBitMap*) 0x0000022f6886b538
 Prev Bits: [0x0000022f05b80000, 0x0000022f09ae8000)
 Next Bits: [0x0000022f01c10000, 0x0000022f05b78000)

Polling page: 0x0000022f665e0000

Metaspace:

Usage:
  Non-class:     11.38 MB capacity,     9.18 MB ( 81%) used,     2.16 MB ( 19%) free+waste,    38.38 KB ( <1%) overhead. 
      Class:      1.55 MB capacity,     1.21 MB ( 78%) used,   327.40 KB ( 21%) free+waste,    18.63 KB (  1%) overhead. 
       Both:     12.93 MB capacity,    10.39 MB ( 80%) used,     2.48 MB ( 19%) free+waste,    57.00 KB ( <1%) overhead. 

Virtual space:
  Non-class space:       12.00 MB reserved,      11.50 MB ( 96%) committed 
      Class space:        1.00 GB reserved,       1.63 MB ( <1%) committed 
             Both:        1.01 GB reserved,      13.13 MB (  1%) committed 

Chunk freelists:
   Non-Class:  58.00 KB
       Class:  12.00 KB
        Both:  70.00 KB

MaxMetaspaceSize: 17179869184.00 GB
CompressedClassSpaceSize: 1.00 GB

CodeHeap 'non-profiled nmethods': size=120000Kb used=626Kb max_used=626Kb free=119373Kb
 bounds [0x0000022f787d0000, 0x0000022f78a40000, 0x0000022f7fd00000]
CodeHeap 'profiled nmethods': size=120000Kb used=4117Kb max_used=4117Kb free=115882Kb
 bounds [0x0000022f712a0000, 0x0000022f716b0000, 0x0000022f787d0000]
CodeHeap 'non-nmethods': size=5760Kb used=1185Kb max_used=1212Kb free=4575Kb
 bounds [0x0000022f70d00000, 0x0000022f70f70000, 0x0000022f712a0000]
 total_blobs=3051 nmethods=1927 adapters=343
 compilation: enabled
              stopped_count=0, restarted_count=0
 full_count=0

Compilation events (20 events):
Event: 0.969 Thread 0x0000022f0c856000 nmethod 1935 0x0000022f7169ff90 code [0x0000022f716a0140, 0x0000022f716a0360]
Event: 0.970 Thread 0x0000022f0c856000 1936       2       com.sun.tools.javac.comp.Env::dupto (39 bytes)
Event: 0.971 Thread 0x0000022f0c856000 nmethod 1936 0x0000022f716a0490 code [0x0000022f716a0640, 0x0000022f716a09d8]
Event: 0.971 Thread 0x0000022f0c856000 1937       2       com.sun.tools.javac.util.ByteBuffer::appendChar (63 bytes)
Event: 0.971 Thread 0x0000022f0c856000 nmethod 1937 0x0000022f716a0a90 code [0x0000022f716a0c60, 0x0000022f716a10f0]
Event: 0.971 Thread 0x0000022f0c856000 1938       2       java.util.ArrayDeque::pollFirst (36 bytes)
Event: 0.972 Thread 0x0000022f0c856000 nmethod 1938 0x0000022f716a1290 code [0x0000022f716a1440, 0x0000022f716a1658]
Event: 0.973 Thread 0x0000022f0c856000 1940       2       com.sun.tools.javac.comp.Env::dup (14 bytes)
Event: 0.974 Thread 0x0000022f0c856000 nmethod 1940 0x0000022f716a1790 code [0x0000022f716a1940, 0x0000022f716a1b80]
Event: 0.975 Thread 0x0000022f0c856000 1941       2       com.sun.tools.javac.code.Types$HashCodeVisitor::visitType (10 bytes)
Event: 0.975 Thread 0x0000022f0c856000 nmethod 1941 0x0000022f716a1c90 code [0x0000022f716a1e40, 0x0000022f716a2040]
Event: 0.975 Thread 0x0000022f0c856000 1943       2       com.sun.tools.javac.code.Type$JCVoidType::getTag (4 bytes)
Event: 0.975 Thread 0x0000022f0c856000 nmethod 1943 0x0000022f716a2190 code [0x0000022f716a2320, 0x0000022f716a2498]
Event: 0.975 Thread 0x0000022f0c856000 1944       2       jdk.internal.misc.Unsafe::checkSize (32 bytes)
Event: 0.976 Thread 0x0000022f0c856000 nmethod 1944 0x0000022f716a2510 code [0x0000022f716a26c0, 0x0000022f716a2910]
Event: 0.976 Thread 0x0000022f0c856000 1942       2       com.sun.tools.javac.code.Types$HashCodeVisitor::visitType (11 bytes)
Event: 0.976 Thread 0x0000022f0c856000 nmethod 1942 0x0000022f716a2a10 code [0x0000022f716a2bc0, 0x0000022f716a2e30]
Event: 0.976 Thread 0x0000022f0c856000 1945       2       com.sun.tools.javac.util.ByteBuffer::appendByte (34 bytes)
Event: 0.976 Thread 0x0000022f0c856000 nmethod 1945 0x0000022f716a2f90 code [0x0000022f716a3160, 0x0000022f716a3590]
Event: 0.978 Thread 0x0000022f0c856000 1946       2       com.sun.tools.javac.code.Symbol::hasOuterInstance (35 bytes)

GC Heap History (20 events):
Event: 0.528 GC heap before
{Heap before GC invocations=8 (full 0):
 garbage-first heap   total 10240K, used 5519K [0x0000000702600000, 0x0000000800000000)
  region size 1024K, 2 young (2048K), 1 survivors (1024K)
 Metaspace       used 8612K, capacity 11374K, committed 11648K, reserved 1058816K
  class space    used 1026K, capacity 1335K, committed 1408K, reserved 1048576K
}
Event: 0.529 GC heap after
{Heap after GC invocations=9 (full 0):
 garbage-first heap   total 14336K, used 4484K [0x0000000702600000, 0x0000000800000000)
  region size 1024K, 1 young (1024K), 1 survivors (1024K)
 Metaspace       used 8612K, capacity 11374K, committed 11648K, reserved 1058816K
  class space    used 1026K, capacity 1335K, committed 1408K, reserved 1048576K
}
Event: 0.569 GC heap before
{Heap before GC invocations=10 (full 0):
 garbage-first heap   total 14336K, used 6532K [0x0000000702600000, 0x0000000800000000)
  region size 1024K, 3 young (3072K), 1 survivors (1024K)
 Metaspace       used 8822K, capacity 11522K, committed 11648K, reserved 1058816K
  class space    used 1054K, capacity 1384K, committed 1408K, reserved 1048576K
}
Event: 0.571 GC heap after
{Heap after GC invocations=11 (full 0):
 garbage-first heap   total 14336K, used 4844K [0x0000000702600000, 0x0000000800000000)
  region size 1024K, 1 young (1024K), 1 survivors (1024K)
 Metaspace       used 8822K, capacity 11522K, committed 11648K, reserved 1058816K
  class space    used 1054K, capacity 1384K, committed 1408K, reserved 1048576K
}
Event: 0.580 GC heap before
{Heap before GC invocations=11 (full 0):
 garbage-first heap   total 14336K, used 6892K [0x0000000702600000, 0x0000000800000000)
  region size 1024K, 3 young (3072K), 1 survivors (1024K)
 Metaspace       used 8843K, capacity 11525K, committed 11648K, reserved 1058816K
  class space    used 1054K, capacity 1384K, committed 1408K, reserved 1048576K
}
Event: 0.582 GC heap after
{Heap after GC invocations=12 (full 0):
 garbage-first heap   total 14336K, used 5229K [0x0000000702600000, 0x0000000800000000)
  region size 1024K, 1 young (1024K), 1 survivors (1024K)
 Metaspace       used 8843K, capacity 11525K, committed 11648K, reserved 1058816K
  class space    used 1054K, capacity 1384K, committed 1408K, reserved 1048576K
}
Event: 0.589 GC heap before
{Heap before GC invocations=12 (full 0):
 garbage-first heap   total 14336K, used 7277K [0x0000000702600000, 0x0000000800000000)
  region size 1024K, 3 young (3072K), 1 survivors (1024K)
 Metaspace       used 8853K, capacity 11525K, committed 11648K, reserved 1058816K
  class space    used 1054K, capacity 1384K, committed 1408K, reserved 1048576K
}
Event: 0.591 GC heap after
{Heap after GC invocations=13 (full 0):
 garbage-first heap   total 14336K, used 5429K [0x0000000702600000, 0x0000000800000000)
  region size 1024K, 1 young (1024K), 1 survivors (1024K)
 Metaspace       used 8853K, capacity 11525K, committed 11648K, reserved 1058816K
  class space    used 1054K, capacity 1384K, committed 1408K, reserved 1048576K
}
Event: 0.605 GC heap before
{Heap before GC invocations=13 (full 0):
 garbage-first heap   total 14336K, used 7477K [0x0000000702600000, 0x0000000800000000)
  region size 1024K, 3 young (3072K), 1 survivors (1024K)
 Metaspace       used 8875K, capacity 11594K, committed 11648K, reserved 1058816K
  class space    used 1054K, capacity 1385K, committed 1408K, reserved 1048576K
}
Event: 0.607 GC heap after
{Heap after GC invocations=14 (full 0):
 garbage-first heap   total 19456K, used 5826K [0x0000000702600000, 0x0000000800000000)
  region size 1024K, 1 young (1024K), 1 survivors (1024K)
 Metaspace       used 8875K, capacity 11594K, committed 11648K, reserved 1058816K
  class space    used 1054K, capacity 1385K, committed 1408K, reserved 1048576K
}
Event: 0.621 GC heap before
{Heap before GC invocations=14 (full 0):
 garbage-first heap   total 19456K, used 8898K [0x0000000702600000, 0x0000000800000000)
  region size 1024K, 5 young (5120K), 1 survivors (1024K)
 Metaspace       used 8899K, capacity 11595K, committed 11648K, reserved 1058816K
  class space    used 1056K, capacity 1385K, committed 1408K, reserved 1048576K
}
Event: 0.624 GC heap after
{Heap after GC invocations=15 (full 0):
 garbage-first heap   total 19456K, used 6410K [0x0000000702600000, 0x0000000800000000)
  region size 1024K, 1 young (1024K), 1 survivors (1024K)
 Metaspace       used 8899K, capacity 11595K, committed 11648K, reserved 1058816K
  class space    used 1056K, capacity 1385K, committed 1408K, reserved 1048576K
}
Event: 0.662 GC heap before
{Heap before GC invocations=15 (full 0):
 garbage-first heap   total 19456K, used 10506K [0x0000000702600000, 0x0000000800000000)
  region size 1024K, 5 young (5120K), 1 survivors (1024K)
 Metaspace       used 9016K, capacity 11692K, committed 11904K, reserved 1060864K
  class space    used 1065K, capacity 1396K, committed 1408K, reserved 1048576K
}
Event: 0.666 GC heap after
{Heap after GC invocations=16 (full 0):
 garbage-first heap   total 19456K, used 7703K [0x0000000702600000, 0x0000000800000000)
  region size 1024K, 1 young (1024K), 1 survivors (1024K)
 Metaspace       used 9016K, capacity 11692K, committed 11904K, reserved 1060864K
  class space    used 1065K, capacity 1396K, committed 1408K, reserved 1048576K
}
Event: 0.718 GC heap before
{Heap before GC invocations=16 (full 0):
 garbage-first heap   total 19456K, used 10775K [0x0000000702600000, 0x0000000800000000)
  region size 1024K, 4 young (4096K), 1 survivors (1024K)
 Metaspace       used 9594K, capacity 12182K, committed 12288K, reserved 1060864K
  class space    used 1147K, capacity 1454K, committed 1536K, reserved 1048576K
}
Event: 0.722 GC heap after
{Heap after GC invocations=17 (full 0):
 garbage-first heap   total 19456K, used 8561K [0x0000000702600000, 0x0000000800000000)
  region size 1024K, 1 young (1024K), 1 survivors (1024K)
 Metaspace       used 9594K, capacity 12182K, committed 12288K, reserved 1060864K
  class space    used 1147K, capacity 1454K, committed 1536K, reserved 1048576K
}
Event: 0.729 GC heap before
{Heap before GC invocations=17 (full 0):
 garbage-first heap   total 19456K, used 11633K [0x0000000702600000, 0x0000000800000000)
  region size 1024K, 4 young (4096K), 1 survivors (1024K)
 Metaspace       used 9597K, capacity 12182K, committed 12288K, reserved 1060864K
  class space    used 1147K, capacity 1454K, committed 1536K, reserved 1048576K
}
Event: 0.732 GC heap after
{Heap after GC invocations=18 (full 0):
 garbage-first heap   total 38912K, used 8820K [0x0000000702600000, 0x0000000800000000)
  region size 1024K, 1 young (1024K), 1 survivors (1024K)
 Metaspace       used 9597K, capacity 12182K, committed 12288K, reserved 1060864K
  class space    used 1147K, capacity 1454K, committed 1536K, reserved 1048576K
}
Event: 0.890 GC heap before
{Heap before GC invocations=18 (full 0):
 garbage-first heap   total 38912K, used 19060K [0x0000000702600000, 0x0000000800000000)
  region size 1024K, 10 young (10240K), 1 survivors (1024K)
 Metaspace       used 10033K, capacity 12651K, committed 12800K, reserved 1060864K
  class space    used 1174K, capacity 1501K, committed 1536K, reserved 1048576K
}
Event: 0.896 GC heap after
{Heap after GC invocations=19 (full 0):
 garbage-first heap   total 38912K, used 11057K [0x0000000702600000, 0x0000000800000000)
  region size 1024K, 2 young (2048K), 2 survivors (2048K)
 Metaspace       used 10033K, capacity 12651K, committed 12800K, reserved 1060864K
  class space    used 1174K, capacity 1501K, committed 1536K, reserved 1048576K
}

Deoptimization events (20 events):
Event: 0.916 Thread 0x0000022f687ff000 Uncommon trap: trap_request=0xffffffc6 fr.pc=0x0000022f78813c40 relative=0x0000000000001280
Event: 0.916 Thread 0x0000022f687ff000 Uncommon trap: reason=bimorphic_or_optimized_type_check action=maybe_recompile pc=0x0000022f78813c40 method=java.util.HashMap.putVal(ILjava/lang/Object;Ljava/lang/Object;ZZ)Ljava/lang/Object; @ 56 c2
Event: 0.916 Thread 0x0000022f687ff000 DEOPT PACKING pc=0x0000022f78813c40 sp=0x00000036f80ff020
Event: 0.916 Thread 0x0000022f687ff000 DEOPT UNPACKING pc=0x0000022f70d4912f sp=0x00000036f80fef60 mode 2
Event: 0.924 Thread 0x0000022f687ff000 Uncommon trap: trap_request=0xffffff45 fr.pc=0x0000022f788671dc relative=0x00000000000018bc
Event: 0.924 Thread 0x0000022f687ff000 Uncommon trap: reason=unstable_if action=reinterpret pc=0x0000022f788671dc method=com.sun.tools.javac.code.Types$15.visitClassType(Lcom/sun/tools/javac/code/Type$ClassType;Ljava/lang/Void;)Lcom/sun/tools/javac/code/Type; @ 43 c2
Event: 0.924 Thread 0x0000022f687ff000 DEOPT PACKING pc=0x0000022f788671dc sp=0x00000036f80fe470
Event: 0.924 Thread 0x0000022f687ff000 DEOPT UNPACKING pc=0x0000022f70d4912f sp=0x00000036f80fe470 mode 2
Event: 0.928 Thread 0x0000022f687ff000 Uncommon trap: trap_request=0xffffffc6 fr.pc=0x0000022f78813db4 relative=0x00000000000013f4
Event: 0.928 Thread 0x0000022f687ff000 Uncommon trap: reason=bimorphic_or_optimized_type_check action=maybe_recompile pc=0x0000022f78813db4 method=java.util.HashMap.putVal(ILjava/lang/Object;Ljava/lang/Object;ZZ)Ljava/lang/Object; @ 253 c2
Event: 0.928 Thread 0x0000022f687ff000 DEOPT PACKING pc=0x0000022f78813db4 sp=0x00000036f80fef90
Event: 0.928 Thread 0x0000022f687ff000 DEOPT UNPACKING pc=0x0000022f70d4912f sp=0x00000036f80feef8 mode 2
Event: 0.940 Thread 0x0000022f687ff000 Uncommon trap: trap_request=0xffffffc6 fr.pc=0x0000022f78813db4 relative=0x00000000000013f4
Event: 0.940 Thread 0x0000022f687ff000 Uncommon trap: reason=bimorphic_or_optimized_type_check action=maybe_recompile pc=0x0000022f78813db4 method=java.util.HashMap.putVal(ILjava/lang/Object;Ljava/lang/Object;ZZ)Ljava/lang/Object; @ 253 c2
Event: 0.940 Thread 0x0000022f687ff000 DEOPT PACKING pc=0x0000022f78813db4 sp=0x00000036f80fef70
Event: 0.940 Thread 0x0000022f687ff000 DEOPT UNPACKING pc=0x0000022f70d4912f sp=0x00000036f80feed8 mode 2
Event: 0.958 Thread 0x0000022f687ff000 Uncommon trap: trap_request=0xffffffc6 fr.pc=0x0000022f78813db4 relative=0x00000000000013f4
Event: 0.958 Thread 0x0000022f687ff000 Uncommon trap: reason=bimorphic_or_optimized_type_check action=maybe_recompile pc=0x0000022f78813db4 method=java.util.HashMap.putVal(ILjava/lang/Object;Ljava/lang/Object;ZZ)Ljava/lang/Object; @ 253 c2
Event: 0.958 Thread 0x0000022f687ff000 DEOPT PACKING pc=0x0000022f78813db4 sp=0x00000036f80fef70
Event: 0.958 Thread 0x0000022f687ff000 DEOPT UNPACKING pc=0x0000022f70d4912f sp=0x00000036f80feed8 mode 2

Classes unloaded (0 events):
No events

Classes redefined (0 events):
No events

Internal exceptions (20 events):
Event: 0.422 Thread 0x0000022f687ff000 Exception <a 'java/lang/NoSuchMethodError'{0x0000000702ee6928}: 'int java.lang.invoke.DirectMethodHandle$Holder.invokeSpecial(java.lang.Object, java.lang.Object, java.lang.Object, java.lang.Object, java.lang.Object)'> (0x0000000702ee6928) 
thrown [t:/workspace/open/src/hotspot/share/interpreter/linkResolver.cpp, line 767]
Event: 0.462 Thread 0x0000022f687ff000 Exception <a 'java/lang/NoSuchMethodError'{0x0000000702fb4338}: 'java.lang.Object java.lang.invoke.DirectMethodHandle$Holder.invokeStatic(java.lang.Object, int, java.lang.Object)'> (0x0000000702fb4338) 
thrown [t:/workspace/open/src/hotspot/share/interpreter/linkResolver.cpp, line 767]
Event: 0.489 Thread 0x0000022f687ff000 Exception <a 'sun/nio/fs/WindowsException'{0x0000000702e22e50}> (0x0000000702e22e50) 
thrown [t:/workspace/open/src/hotspot/share/prims/jni.cpp, line 598]
Event: 0.494 Thread 0x0000022f687ff000 Exception <a 'sun/nio/fs/WindowsException'{0x0000000702e45528}> (0x0000000702e45528) 
thrown [t:/workspace/open/src/hotspot/share/prims/jni.cpp, line 598]
Event: 0.540 Thread 0x0000022f687ff000 Exception <a 'sun/nio/fs/WindowsException'{0x00000007033699c8}> (0x00000007033699c8) 
thrown [t:/workspace/open/src/hotspot/share/prims/jni.cpp, line 598]
Event: 0.541 Thread 0x0000022f687ff000 Exception <a 'sun/nio/fs/WindowsException'{0x000000070336c950}> (0x000000070336c950) 
thrown [t:/workspace/open/src/hotspot/share/prims/jni.cpp, line 598]
Event: 0.541 Thread 0x0000022f687ff000 Exception <a 'sun/nio/fs/WindowsException'{0x000000070336cc40}> (0x000000070336cc40) 
thrown [t:/workspace/open/src/hotspot/share/prims/jni.cpp, line 598]
Event: 0.543 Thread 0x0000022f687ff000 Exception <a 'java/lang/NoSuchMethodError'{0x0000000703372d00}: 'java.lang.Object java.lang.invoke.DirectMethodHandle$Holder.invokeStatic(java.lang.Object, java.lang.Object, int, int)'> (0x0000000703372d00) 
thrown [t:/workspace/open/src/hotspot/share/interpreter/linkResolver.cpp, line 767]
Event: 0.547 Thread 0x0000022f687ff000 Exception <a 'sun/nio/fs/WindowsException'{0x0000000703388038}> (0x0000000703388038) 
thrown [t:/workspace/open/src/hotspot/share/prims/jni.cpp, line 598]
Event: 0.547 Thread 0x0000022f687ff000 Exception <a 'sun/nio/fs/WindowsException'{0x00000007033882f8}> (0x00000007033882f8) 
thrown [t:/workspace/open/src/hotspot/share/prims/jni.cpp, line 598]
Event: 0.547 Thread 0x0000022f687ff000 Exception <a 'sun/nio/fs/WindowsException'{0x0000000703389300}> (0x0000000703389300) 
thrown [t:/workspace/open/src/hotspot/share/prims/jni.cpp, line 598]
Event: 0.547 Thread 0x0000022f687ff000 Exception <a 'sun/nio/fs/WindowsException'{0x00000007033895b0}> (0x00000007033895b0) 
thrown [t:/workspace/open/src/hotspot/share/prims/jni.cpp, line 598]
Event: 0.567 Thread 0x0000022f687ff000 Exception <a 'sun/nio/fs/WindowsException'{0x0000000703265858}> (0x0000000703265858) 
thrown [t:/workspace/open/src/hotspot/share/prims/jni.cpp, line 598]
Event: 0.567 Thread 0x0000022f687ff000 Exception <a 'sun/nio/fs/WindowsException'{0x0000000703265b18}> (0x0000000703265b18) 
thrown [t:/workspace/open/src/hotspot/share/prims/jni.cpp, line 598]
Event: 0.567 Thread 0x0000022f687ff000 Exception <a 'sun/nio/fs/WindowsException'{0x0000000703266b20}> (0x0000000703266b20) 
thrown [t:/workspace/open/src/hotspot/share/prims/jni.cpp, line 598]
Event: 0.567 Thread 0x0000022f687ff000 Exception <a 'sun/nio/fs/WindowsException'{0x0000000703266dd8}> (0x0000000703266dd8) 
thrown [t:/workspace/open/src/hotspot/share/prims/jni.cpp, line 598]
Event: 0.705 Thread 0x0000022f687ff000 Exception <a 'java/lang/NoSuchMethodError'{0x0000000703732df8}: 'int java.lang.invoke.DirectMethodHandle$Holder.invokeVirtual(java.lang.Object, java.lang.Object, java.lang.Object, java.lang.Object)'> (0x0000000703732df8) 
thrown [t:/workspace/open/src/hotspot/share/interpreter/linkResolver.cpp, line 767]
Event: 0.706 Thread 0x0000022f687ff000 Exception <a 'java/lang/NoSuchMethodError'{0x000000070373d490}: 'java.lang.Object java.lang.invoke.DirectMethodHandle$Holder.invokeStatic(java.lang.Object, java.lang.Object, int, java.lang.Object)'> (0x000000070373d490) 
thrown [t:/workspace/open/src/hotspot/share/interpreter/linkResolver.cpp, line 767]
Event: 0.707 Thread 0x0000022f687ff000 Exception <a 'java/lang/NoSuchMethodError'{0x0000000703743a00}: 'java.lang.Object java.lang.invoke.Invokers$Holder.linkToTargetMethod(java.lang.Object, int, java.lang.Object, java.lang.Object)'> (0x0000000703743a00) 
thrown [t:/workspace/open/src/hotspot/share/interpreter/linkResolver.cpp, line 767]
Event: 0.768 Thread 0x0000022f687ff000 Exception <a 'java/lang/NoSuchMethodError'{0x00000007049bd0f0}: 'void java.lang.invoke.DirectMethodHandle$Holder.invokeVirtual(java.lang.Object, java.lang.Object)'> (0x00000007049bd0f0) 
thrown [t:/workspace/open/src/hotspot/share/interpreter/linkResolver.cpp, line 767]

Events (20 events):
Event: 0.961 loading class java/util/function/ToIntBiFunction
Event: 0.961 loading class java/util/function/ToIntBiFunction done
Event: 0.961 loading class com/sun/tools/javac/code/Symbol
Event: 0.961 loading class com/sun/tools/javac/code/Symbol done
Event: 0.961 loading class com/sun/tools/javac/jvm/PoolWriter
Event: 0.961 loading class com/sun/tools/javac/jvm/PoolWriter done
Event: 0.962 loading class com/sun/tools/javac/util/Filter
Event: 0.962 loading class com/sun/tools/javac/util/Filter done
Event: 0.962 loading class com/sun/tools/javac/code/Symbol
Event: 0.962 loading class com/sun/tools/javac/code/Symbol done
Event: 0.962 loading class com/sun/tools/javac/code/Symbol
Event: 0.962 loading class com/sun/tools/javac/code/Symbol done
Event: 0.964 loading class java/nio/channels/Channels$1
Event: 0.964 loading class java/nio/channels/Channels$1 done
Event: 0.965 loading class sun/nio/fs/WindowsUriSupport
Event: 0.965 loading class sun/nio/fs/WindowsUriSupport done
Event: 0.974 loading class com/sun/tools/javac/code/Type
Event: 0.974 loading class com/sun/tools/javac/code/Type done
Event: 0.974 loading class com/sun/tools/javac/jvm/PoolWriter
Event: 0.974 loading class com/sun/tools/javac/jvm/PoolWriter done


Dynamic libraries:
0x00007ff69f030000 - 0x00007ff69f037000 	C:\Program Files\Java\jdk-13.0.2\bin\javac.exe
0x00007ffab2d80000 - 0x00007ffab2f70000 	C:\WINDOWS\SYSTEM32\ntdll.dll
0x00007ffab2140000 - 0x00007ffab21f2000 	C:\WINDOWS\System32\KERNEL32.DLL
0x00007ffaaffd0000 - 0x00007ffab0273000 	C:\WINDOWS\System32\KERNELBASE.dll
0x00007ffaafed0000 - 0x00007ffaaffca000 	C:\WINDOWS\System32\ucrtbase.dll
0x00007ffaa9890000 - 0x00007ffaa98a8000 	C:\Program Files\Java\jdk-13.0.2\bin\jli.dll
0x00007ffaabf50000 - 0x00007ffaabf65000 	C:\Program Files\Java\jdk-13.0.2\bin\VCRUNTIME140.dll
0x00007ffab2450000 - 0x00007ffab24f3000 	C:\WINDOWS\System32\ADVAPI32.dll
0x00007ffab2760000 - 0x00007ffab27fe000 	C:\WINDOWS\System32\msvcrt.dll
0x00007ffab25d0000 - 0x00007ffab2667000 	C:\WINDOWS\System32\sechost.dll
0x00007ffab1de0000 - 0x00007ffab1f00000 	C:\WINDOWS\System32\RPCRT4.dll
0x00007ffab1ae0000 - 0x00007ffab1c74000 	C:\WINDOWS\System32\USER32.dll
0x00007ffaa0a50000 - 0x00007ffaa0cd5000 	C:\WINDOWS\WinSxS\amd64_microsoft.windows.common-controls_6595b64144ccf1df_6.0.18362.778_none_e6c6b761130d4fb8\COMCTL32.dll
0x00007ffab0aa0000 - 0x00007ffab0ac1000 	C:\WINDOWS\System32\win32u.dll
0x00007ffab1690000 - 0x00007ffab19c6000 	C:\WINDOWS\System32\combase.dll
0x00007ffab2420000 - 0x00007ffab2446000 	C:\WINDOWS\System32\GDI32.dll
0x00007ffaafdf0000 - 0x00007ffaafe70000 	C:\WINDOWS\System32\bcryptPrimitives.dll
0x00007ffab0c90000 - 0x00007ffab0e24000 	C:\WINDOWS\System32\gdi32full.dll
0x00007ffab0280000 - 0x00007ffab031e000 	C:\WINDOWS\System32\msvcp_win.dll
0x00007ffaa9470000 - 0x00007ffaa947a000 	C:\WINDOWS\SYSTEM32\VERSION.dll
0x00007ffab1660000 - 0x00007ffab168e000 	C:\WINDOWS\System32\IMM32.DLL
0x00007ffa95c10000 - 0x00007ffa95cab000 	C:\Program Files\Java\jdk-13.0.2\bin\msvcp140.dll
0x00007ffa5d7e0000 - 0x00007ffa5e33d000 	C:\Program Files\Java\jdk-13.0.2\bin\server\jvm.dll
0x00007ffab1f00000 - 0x00007ffab1f08000 	C:\WINDOWS\System32\PSAPI.DLL
0x00007ffaa2360000 - 0x00007ffaa2384000 	C:\WINDOWS\SYSTEM32\WINMM.dll
0x00007ffaabf70000 - 0x00007ffaabf79000 	C:\WINDOWS\SYSTEM32\WSOCK32.dll
0x00007ffab2670000 - 0x00007ffab26df000 	C:\WINDOWS\System32\WS2_32.dll
0x00007ffaa3400000 - 0x00007ffaa342d000 	C:\WINDOWS\SYSTEM32\WINMMBASE.dll
0x00007ffab0c40000 - 0x00007ffab0c8a000 	C:\WINDOWS\System32\cfgmgr32.dll
0x00007ffaafda0000 - 0x00007ffaafdb1000 	C:\WINDOWS\System32\kernel.appcore.dll
0x00007ffaabc20000 - 0x00007ffaabc30000 	C:\Program Files\Java\jdk-13.0.2\bin\verify.dll
0x00007ffaa7c00000 - 0x00007ffaa7df4000 	C:\WINDOWS\SYSTEM32\DBGHELP.DLL
0x00007ffaa7e30000 - 0x00007ffaa7e5a000 	C:\WINDOWS\SYSTEM32\dbgcore.DLL
0x00007ffaa47a0000 - 0x00007ffaa47c6000 	C:\Program Files\Java\jdk-13.0.2\bin\java.dll
0x00007ffaa9db0000 - 0x00007ffaa9dc7000 	C:\Program Files\Java\jdk-13.0.2\bin\zip.dll
0x00007ffaabc10000 - 0x00007ffaabc1a000 	C:\Program Files\Java\jdk-13.0.2\bin\jimage.dll
0x00007ffab0f10000 - 0x00007ffab15f5000 	C:\WINDOWS\System32\SHELL32.dll
0x00007ffab2820000 - 0x00007ffab28c9000 	C:\WINDOWS\System32\shcore.dll
0x00007ffab0320000 - 0x00007ffab0aa0000 	C:\WINDOWS\System32\windows.storage.dll
0x00007ffaafdc0000 - 0x00007ffaafde3000 	C:\WINDOWS\System32\profapi.dll
0x00007ffaafd30000 - 0x00007ffaafd7a000 	C:\WINDOWS\System32\powrprof.dll
0x00007ffaafd20000 - 0x00007ffaafd30000 	C:\WINDOWS\System32\UMPDC.dll
0x00007ffab1600000 - 0x00007ffab1652000 	C:\WINDOWS\System32\shlwapi.dll
0x00007ffab0ad0000 - 0x00007ffab0ae7000 	C:\WINDOWS\System32\cryptsp.dll
0x00007ffaabbc0000 - 0x00007ffaabbd9000 	C:\Program Files\Java\jdk-13.0.2\bin\net.dll
0x00007ffaaad80000 - 0x00007ffaaae70000 	C:\WINDOWS\SYSTEM32\WINHTTP.dll
0x00007ffaaf590000 - 0x00007ffaaf5f7000 	C:\WINDOWS\system32\mswsock.dll
0x00007ffaa9d50000 - 0x00007ffaa9d63000 	C:\Program Files\Java\jdk-13.0.2\bin\nio.dll

dbghelp: loaded successfully - version: 4.0.5 - missing functions: none
symbol engine: initialized successfully - sym options: 0x614 - pdb path: .;C:\Program Files\Java\jdk-13.0.2\bin;C:\WINDOWS\SYSTEM32;C:\WINDOWS\WinSxS\amd64_microsoft.windows.common-controls_6595b64144ccf1df_6.0.18362.778_none_e6c6b761130d4fb8;C:\Program Files\Java\jdk-13.0.2\bin\server

VM Arguments:
jvm_args: -Dapplication.home=C:\Program Files\Java\jdk-13.0.2 --add-modules=ALL-DEFAULT -Xms8m -Djdk.module.main=jdk.compiler 
java_command: jdk.compiler/com.sun.tools.javac.Main -d A:\Users\Oreo\NetBeansProjects\HorodateurJava1\build\classes -classpath A:\Users\Oreo\NetBeansProjects\HorodateurJava1\build\classes;A:\Users\Oreo\NetBeansProjects\HorodateurJava1\commons-lang3-3.9.jar;A:\Users\Oreo\NetBeansProjects\HorodateurJava1\sqlite-jdbc-3.30.1.jar -sourcepath A:\Users\Oreo\NetBeansProjects\HorodateurJava1\build\empty -target 13 -encoding UTF-8 -g -processorpath A:\Users\Oreo\NetBeansProjects\HorodateurJava1\commons-lang3-3.9.jar;A:\Users\Oreo\NetBeansProjects\HorodateurJava1\sqlite-jdbc-3.30.1.jar;A:\Users\Oreo\NetBeansProjects\HorodateurJava1\build\empty -s A:\Users\Oreo\NetBeansProjects\HorodateurJava1\build\generated-sources\ap-source-output -source 13 A:\Users\Oreo\NetBeansProjects\HorodateurJava1\src\Frame\AddEmployeeFrame.java
java_class_path (initial): <not set>
Launcher Type: SUN_STANDARD

[Global flags]
     intx CICompilerCount                          = 4                                         {product} {ergonomic}
     uint ConcGCThreads                            = 3                                         {product} {ergonomic}
     uint G1ConcRefinementThreads                  = 10                                        {product} {ergonomic}
   size_t G1HeapRegionSize                         = 1048576                                   {product} {ergonomic}
    uintx GCDrainStackTargetSize                   = 64                                        {product} {ergonomic}
   size_t InitialHeapSize                          = 8388608                                   {product} {command line}
   size_t MarkStackSize                            = 4194304                                   {product} {ergonomic}
   size_t MaxHeapSize                              = 4255121408                                {product} {ergonomic}
   size_t MaxNewSize                               = 2552233984                                {product} {ergonomic}
   size_t MinHeapDeltaBytes                        = 1048576                                   {product} {ergonomic}
   size_t MinHeapSize                              = 8388608                                   {product} {command line}
    uintx NonNMethodCodeHeapSize                   = 5839372                                {pd product} {ergonomic}
    uintx NonProfiledCodeHeapSize                  = 122909434                              {pd product} {ergonomic}
    uintx ProfiledCodeHeapSize                     = 122909434                              {pd product} {ergonomic}
    uintx ReservedCodeCacheSize                    = 251658240                              {pd product} {ergonomic}
     bool SegmentedCodeCache                       = true                                      {product} {ergonomic}
   size_t SoftMaxHeapSize                          = 4255121408                             {manageable} {ergonomic}
     bool UseCompressedClassPointers               = true                                 {lp64_product} {ergonomic}
     bool UseCompressedOops                        = true                                 {lp64_product} {ergonomic}
     bool UseG1GC                                  = true                                      {product} {ergonomic}
     bool UseLargePagesIndividualAllocation        = false                                  {pd product} {ergonomic}

Logging:
Log output configuration:
 #0: stdout all=warning uptime,level,tags
 #1: stderr all=off uptime,level,tags

Environment Variables:
PATH=C:\Program Files (x86)\Common Files\Oracle\Java\javapath;C:\ProgramData\Oracle\Java\javapath;C:\Windows\system32;C:\Windows;C:\Windows\System32\Wbem;C:\Windows\System32\WindowsPowerShell\v1.0\;C:\Program Files (x86)\NVIDIA Corporation\PhysX\Common;C:\WINDOWS\system32;C:\WINDOWS;C:\WINDOWS\System32\Wbem;C:\WINDOWS\System32\WindowsPowerShell\v1.0\;C:\WINDOWS\System32\OpenSSH\;A:\Program Files (x86)\Perforce\;A:\Program Files (x86)\Git\cmd;C:\Program Files\Common Files\Autodesk Shared\;C:\Program Files\Microsoft SQL Server\120\Tools\Binn\;C:\Program Files\dotnet\;C:\Users\Oreo\AppData\Local\Microsoft\WindowsApps;A:\Program Files (x86)\Microsoft VS Code\bin
USERNAME=Oreo
OS=Windows_NT
PROCESSOR_IDENTIFIER=Intel64 Family 6 Model 158 Stepping 10, GenuineIntel



---------------  S Y S T E M  ---------------

OS: Windows 10 , 64 bit Build 18362 (10.0.18362.778)

CPU:total 12 (initial active 12) (6 cores per cpu, 2 threads per core) family 6 model 158 stepping 10, cmov, cx8, fxsr, mmx, sse, sse2, sse3, ssse3, sse4.1, sse4.2, popcnt, avx, avx2, aes, clmul, erms, 3dnowpref, lzcnt, ht, tsc, tscinvbit, bmi1, bmi2, adx, fma

Memory: 4k page, system-wide physical 16230M (7091M free)
TotalPageFile size 31342M (AvailPageFile size 5M)
current process WorkingSet (physical memory assigned to process): 132M, peak: 132M
current process commit charge ("private bytes"): 185M, peak: 185M

vm_info: Java HotSpot(TM) 64-Bit Server VM (13.0.2+8) for windows-amd64 JRE (13.0.2+8), built on Dec 11 2019 09:20:33 by "mach5one" with unknown MS VC++:1916

END.
